This is pdfTeX, Version 3.1415926-2.5-1.40.14 (TeX Live 2013/TeX Live for SUSE Linux) (format=pdflatex 2014.2.4)  18 APR 2016 19:12
entering extended mode
 restricted \write18 enabled.
 %&-line parsing enabled.
**AdityaKashi-thesis.tex
(./AdityaKashi-thesis.tex
LaTeX2e <2011/06/27>
Babel <3.9f> and hyphenation patterns for 78 languages loaded.
(./ncsuthesis.cls
Document Class: ncsuthesis 2012/01/26 v0.4 NC State ETD conformant thesis class

(/usr/share/texmf/tex/latex/base/book.cls
Document Class: book 2007/10/19 v1.4h Standard LaTeX document class
(/usr/share/texmf/tex/latex/base/bk11.clo
File: bk11.clo 2007/10/19 v1.4h Standard LaTeX file (size option)
)
\c@part=\count79
\c@chapter=\count80
\c@section=\count81
\c@subsection=\count82
\c@subsubsection=\count83
\c@paragraph=\count84
\c@subparagraph=\count85
\c@figure=\count86
\c@table=\count87
\abovecaptionskip=\skip41
\belowcaptionskip=\skip42
\bibindent=\dimen102
)
(/usr/share/texmf/tex/latex/setspace/setspace.sty
Package: setspace 2011/12/19 v6.7a set line spacing
)
(/usr/share/texmf/tex/latex/hyphenat/hyphenat.sty
Package: hyphenat 2009/09/02 v2.3c hyphenation utilities
\langwohyphens=\language79
LaTeX Info: Redefining \_ on input line 43.
)
(/usr/share/texmf/tex/latex/nolbreaks/nolbreaks.sty
Package: nolbreaks 2012/05/31  v 1.2  - no linebreaks in text
\nb@counter=\count88
\nb@RestHyph=\toks14
)
(/usr/share/texmf/tex/latex/base/ifthen.sty
Package: ifthen 2001/05/26 v1.1c Standard LaTeX ifthen package (DPC)
)
(/usr/share/texmf/tex/latex/sectsty/sectsty.sty
Package: sectsty 2002/02/25 v2.0.2 Commands to change all sectional heading sty
les
)
(/usr/share/texmf/tex/latex/tocloft/tocloft.sty
Package: tocloft 2013/05/02 v2.3f parameterised ToC, etc., typesetting
Package tocloft Info: The document has chapter divisions on input line 44.
\cftparskip=\skip43
\cftbeforetoctitleskip=\skip44
\cftaftertoctitleskip=\skip45
\cftbeforepartskip=\skip46
\cftpartnumwidth=\skip47
\cftpartindent=\skip48
\cftbeforechapskip=\skip49
\cftchapindent=\skip50
\cftchapnumwidth=\skip51
\cftbeforesecskip=\skip52
\cftsecindent=\skip53
\cftsecnumwidth=\skip54
\cftbeforesubsecskip=\skip55
\cftsubsecindent=\skip56
\cftsubsecnumwidth=\skip57
\cftbeforesubsubsecskip=\skip58
\cftsubsubsecindent=\skip59
\cftsubsubsecnumwidth=\skip60
\cftbeforeparaskip=\skip61
\cftparaindent=\skip62
\cftparanumwidth=\skip63
\cftbeforesubparaskip=\skip64
\cftsubparaindent=\skip65
\cftsubparanumwidth=\skip66
\cftbeforeloftitleskip=\skip67
\cftafterloftitleskip=\skip68
\cftbeforefigskip=\skip69
\cftfigindent=\skip70
\cftfignumwidth=\skip71
\c@lofdepth=\count89
\c@lotdepth=\count90
\cftbeforelottitleskip=\skip72
\cftafterlottitleskip=\skip73
\cftbeforetabskip=\skip74
\cfttabindent=\skip75
\cfttabnumwidth=\skip76
)
(/usr/share/texmf/tex/latex/graphics/graphicx.sty
Package: graphicx 1999/02/16 v1.0f Enhanced LaTeX Graphics (DPC,SPQR)

(/usr/share/texmf/tex/latex/graphics/keyval.sty
Package: keyval 1999/03/16 v1.13 key=value parser (DPC)
\KV@toks@=\toks15
)
(/usr/share/texmf/tex/latex/graphics/graphics.sty
Package: graphics 2009/02/05 v1.0o Standard LaTeX Graphics (DPC,SPQR)

(/usr/share/texmf/tex/latex/graphics/trig.sty
Package: trig 1999/03/16 v1.09 sin cos tan (DPC)
)
(/usr/share/texmf/tex/latex/latexconfig/graphics.cfg
File: graphics.cfg 2010/04/23 v1.9 graphics configuration of TeX Live
)
Package graphics Info: Driver file: pdftex.def on input line 91.

(/usr/share/texmf/tex/latex/pdftex-def/pdftex.def
File: pdftex.def 2011/05/27 v0.06d Graphics/color for pdfTeX

(/usr/share/texmf/tex/generic/oberdiek/infwarerr.sty
Package: infwarerr 2010/04/08 v1.3 Providing info/warning/error messages (HO)
)
(/usr/share/texmf/tex/generic/oberdiek/ltxcmds.sty
Package: ltxcmds 2011/11/09 v1.22 LaTeX kernel commands for general use (HO)
)
\Gread@gobject=\count91
))
\Gin@req@height=\dimen103
\Gin@req@width=\dimen104
)
(/usr/share/texmf/tex/latex/tocbibind/tocbibind.sty
Package: tocbibind 2010/10/13 v1.5k extra ToC listings
Package tocbibind Info: The document has chapter divisions on input line 50.


Package tocbibind Note: Using chapter style headings, unless overridden.

) (/usr/share/texmf/tex/latex/tools/calc.sty
Package: calc 2007/08/22 v4.3 Infix arithmetic (KKT,FJ)
\calc@Acount=\count92
\calc@Bcount=\count93
\calc@Adimen=\dimen105
\calc@Bdimen=\dimen106
\calc@Askip=\skip77
\calc@Bskip=\skip78
LaTeX Info: Redefining \setlength on input line 76.
LaTeX Info: Redefining \addtolength on input line 77.
\calc@Ccount=\count94
\calc@Cskip=\skip79
)
\ncsu@capitalheight=\skip80
\ncsu@lineheight=\skip81
\ncsu@leading=\skip82
\ncsu@footskip=\skip83

(/usr/share/texmf/tex/latex/geometry/geometry.sty
Package: geometry 2010/09/12 v5.6 Page Geometry

(/usr/share/texmf/tex/generic/oberdiek/ifpdf.sty
Package: ifpdf 2011/01/30 v2.3 Provides the ifpdf switch (HO)
Package ifpdf Info: pdfTeX in PDF mode is detected.
)
(/usr/share/texmf/tex/generic/oberdiek/ifvtex.sty
Package: ifvtex 2010/03/01 v1.5 Detect VTeX and its facilities (HO)
Package ifvtex Info: VTeX not detected.
)
(/usr/share/texmf/tex/generic/ifxetex/ifxetex.sty
Package: ifxetex 2010/09/12 v0.6 Provides ifxetex conditional
)
\Gm@cnth=\count95
\Gm@cntv=\count96
\c@Gm@tempcnt=\count97
\Gm@bindingoffset=\dimen107
\Gm@wd@mp=\dimen108
\Gm@odd@mp=\dimen109
\Gm@even@mp=\dimen110
\Gm@layoutwidth=\dimen111
\Gm@layoutheight=\dimen112
\Gm@layouthoffset=\dimen113
\Gm@layoutvoffset=\dimen114
\Gm@dimlist=\toks16
)
\ncsu@afterschapsep=\skip84
\ncsu@afterschapbeforeleadingsep=\skip85

(/usr/share/texmf/tex/latex/oberdiek/pdflscape.sty
Package: pdflscape 2008/08/11 v0.10 Display of landscape pages in PDF (HO)

(/usr/share/texmf/tex/latex/graphics/lscape.sty
Package: lscape 2000/10/22 v3.01 Landscape Pages (DPC)
)
Package pdflscape Info: Auto-detected driver: pdftex on input line 80.
)
(/usr/share/texmf/tex/latex/fancyhdr/fancyhdr.sty
\fancy@headwidth=\skip86
\f@ncyO@elh=\skip87
\f@ncyO@erh=\skip88
\f@ncyO@olh=\skip89
\f@ncyO@orh=\skip90
\f@ncyO@elf=\skip91
\f@ncyO@erf=\skip92
\f@ncyO@olf=\skip93
\f@ncyO@orf=\skip94
)
(/usr/share/texmf/tex/latex/rotating/rotating.sty
Package: rotating 2009/03/28 v2.16a rotated objects in LaTeX
\c@r@tfl@t=\count98
\rotFPtop=\skip95
\rotFPbot=\skip96
\rot@float@box=\box26
\rot@mess@toks=\toks17
)
\portraittextheight=\skip97
\portraittextwidth=\skip98

(/usr/share/texmf/tex/latex/tools/afterpage.sty
Package: afterpage 1995/10/27 v1.08 After-Page Package (DPC)
\AP@output=\toks18
\AP@partial=\box27
\AP@footins=\box28
) (./changepage.sty
Package: changepage 2009/10/20 v1.0c check page and change page layout
\c@cp@cntr=\count99
\cp@tempcnt=\count100
)
(/usr/share/texmf/tex/latex/caption/caption.sty
Package: caption 2013/05/02 v3.3-89 Customizing captions (AR)

(/usr/share/texmf/tex/latex/caption/caption3.sty
Package: caption3 2013/05/02 v1.6-88 caption3 kernel (AR)
Package caption3 Info: TeX engine: e-TeX on input line 57.
\captionmargin=\dimen115
\captionmargin@=\dimen116
\captionwidth=\dimen117
\caption@tempdima=\dimen118
\caption@indent=\dimen119
\caption@parindent=\dimen120
\caption@hangindent=\dimen121
)
\c@ContinuedFloat=\count101
Package caption Info: rotating package is loaded.
)
\appendixwidth=\skip99
 (./totcount.sty
Package: totcount 2009/07/09 v1.1 package for gettingthe total value of LaTeX c
ounters
)
\c@chapter@totc=\count102
)
(/usr/share/texmf/tex/latex/booktabs/booktabs.sty
Package: booktabs 2005/04/14 v1.61803 publication quality tables
\heavyrulewidth=\dimen122
\lightrulewidth=\dimen123
\cmidrulewidth=\dimen124
\belowrulesep=\dimen125
\belowbottomsep=\dimen126
\aboverulesep=\dimen127
\abovetopsep=\dimen128
\cmidrulesep=\dimen129
\cmidrulekern=\dimen130
\defaultaddspace=\dimen131
\@cmidla=\count103
\@cmidlb=\count104
\@aboverulesep=\dimen132
\@belowrulesep=\dimen133
\@thisruleclass=\count105
\@lastruleclass=\count106
\@thisrulewidth=\dimen134
)
(/usr/share/texmf/tex/latex/amsmath/amsmath.sty
Package: amsmath 2013/01/14 v2.14 AMS math features
\@mathmargin=\skip100

For additional information on amsmath, use the `?' option.
(/usr/share/texmf/tex/latex/amsmath/amstext.sty
Package: amstext 2000/06/29 v2.01

(/usr/share/texmf/tex/latex/amsmath/amsgen.sty
File: amsgen.sty 1999/11/30 v2.0
\@emptytoks=\toks19
\ex@=\dimen135
))
(/usr/share/texmf/tex/latex/amsmath/amsbsy.sty
Package: amsbsy 1999/11/29 v1.2d
\pmbraise@=\dimen136
)
(/usr/share/texmf/tex/latex/amsmath/amsopn.sty
Package: amsopn 1999/12/14 v2.01 operator names
)
\inf@bad=\count107
LaTeX Info: Redefining \frac on input line 210.
\uproot@=\count108
\leftroot@=\count109
LaTeX Info: Redefining \overline on input line 306.
\classnum@=\count110
\DOTSCASE@=\count111
LaTeX Info: Redefining \ldots on input line 378.
LaTeX Info: Redefining \dots on input line 381.
LaTeX Info: Redefining \cdots on input line 466.
\Mathstrutbox@=\box29
\strutbox@=\box30
\big@size=\dimen137
LaTeX Font Info:    Redeclaring font encoding OML on input line 566.
LaTeX Font Info:    Redeclaring font encoding OMS on input line 567.
\macc@depth=\count112
\c@MaxMatrixCols=\count113
\dotsspace@=\muskip10
\c@parentequation=\count114
\dspbrk@lvl=\count115
\tag@help=\toks20
\row@=\count116
\column@=\count117
\maxfields@=\count118
\andhelp@=\toks21
\eqnshift@=\dimen138
\alignsep@=\dimen139
\tagshift@=\dimen140
\tagwidth@=\dimen141
\totwidth@=\dimen142
\lineht@=\dimen143
\@envbody=\toks22
\multlinegap=\skip101
\multlinetaggap=\skip102
\mathdisplay@stack=\toks23
LaTeX Info: Redefining \[ on input line 2665.
LaTeX Info: Redefining \] on input line 2666.
)
(/usr/share/texmf/tex/latex/amsfonts/amssymb.sty
Package: amssymb 2013/01/14 v3.01 AMS font symbols

(/usr/share/texmf/tex/latex/amsfonts/amsfonts.sty
Package: amsfonts 2013/01/14 v3.01 Basic AMSFonts support
\symAMSa=\mathgroup4
\symAMSb=\mathgroup5
LaTeX Font Info:    Overwriting math alphabet `\mathfrak' in version `bold'
(Font)                  U/euf/m/n --> U/euf/b/n on input line 106.
))
(/usr/share/texmf/tex/latex/base/textcomp.sty
Package: textcomp 2005/09/27 v1.99g Standard LaTeX package
Package textcomp Info: Sub-encoding information:
(textcomp)               5 = only ISO-Adobe without \textcurrency
(textcomp)               4 = 5 + \texteuro
(textcomp)               3 = 4 + \textohm
(textcomp)               2 = 3 + \textestimated + \textcurrency
(textcomp)               1 = TS1 - \textcircled - \t
(textcomp)               0 = TS1 (full)
(textcomp)             Font families with sub-encoding setting implement
(textcomp)             only a restricted character set as indicated.
(textcomp)             Family '?' is the default used for unknown fonts.
(textcomp)             See the documentation for details.
Package textcomp Info: Setting ? sub-encoding to TS1/1 on input line 71.

(/usr/share/texmf/tex/latex/base/ts1enc.def
File: ts1enc.def 2001/06/05 v3.0e (jk/car/fm) Standard LaTeX file
)
LaTeX Info: Redefining \oldstylenums on input line 266.
Package textcomp Info: Setting cmr sub-encoding to TS1/0 on input line 281.
Package textcomp Info: Setting cmss sub-encoding to TS1/0 on input line 282.
Package textcomp Info: Setting cmtt sub-encoding to TS1/0 on input line 283.
Package textcomp Info: Setting cmvtt sub-encoding to TS1/0 on input line 284.
Package textcomp Info: Setting cmbr sub-encoding to TS1/0 on input line 285.
Package textcomp Info: Setting cmtl sub-encoding to TS1/0 on input line 286.
Package textcomp Info: Setting ccr sub-encoding to TS1/0 on input line 287.
Package textcomp Info: Setting ptm sub-encoding to TS1/4 on input line 288.
Package textcomp Info: Setting pcr sub-encoding to TS1/4 on input line 289.
Package textcomp Info: Setting phv sub-encoding to TS1/4 on input line 290.
Package textcomp Info: Setting ppl sub-encoding to TS1/3 on input line 291.
Package textcomp Info: Setting pag sub-encoding to TS1/4 on input line 292.
Package textcomp Info: Setting pbk sub-encoding to TS1/4 on input line 293.
Package textcomp Info: Setting pnc sub-encoding to TS1/4 on input line 294.
Package textcomp Info: Setting pzc sub-encoding to TS1/4 on input line 295.
Package textcomp Info: Setting bch sub-encoding to TS1/4 on input line 296.
Package textcomp Info: Setting put sub-encoding to TS1/5 on input line 297.
Package textcomp Info: Setting uag sub-encoding to TS1/5 on input line 298.
Package textcomp Info: Setting ugq sub-encoding to TS1/5 on input line 299.
Package textcomp Info: Setting ul8 sub-encoding to TS1/4 on input line 300.
Package textcomp Info: Setting ul9 sub-encoding to TS1/4 on input line 301.
Package textcomp Info: Setting augie sub-encoding to TS1/5 on input line 302.
Package textcomp Info: Setting dayrom sub-encoding to TS1/3 on input line 303.
Package textcomp Info: Setting dayroms sub-encoding to TS1/3 on input line 304.

Package textcomp Info: Setting pxr sub-encoding to TS1/0 on input line 305.
Package textcomp Info: Setting pxss sub-encoding to TS1/0 on input line 306.
Package textcomp Info: Setting pxtt sub-encoding to TS1/0 on input line 307.
Package textcomp Info: Setting txr sub-encoding to TS1/0 on input line 308.
Package textcomp Info: Setting txss sub-encoding to TS1/0 on input line 309.
Package textcomp Info: Setting txtt sub-encoding to TS1/0 on input line 310.
Package textcomp Info: Setting lmr sub-encoding to TS1/0 on input line 311.
Package textcomp Info: Setting lmdh sub-encoding to TS1/0 on input line 312.
Package textcomp Info: Setting lmss sub-encoding to TS1/0 on input line 313.
Package textcomp Info: Setting lmssq sub-encoding to TS1/0 on input line 314.
Package textcomp Info: Setting lmvtt sub-encoding to TS1/0 on input line 315.
Package textcomp Info: Setting qhv sub-encoding to TS1/0 on input line 316.
Package textcomp Info: Setting qag sub-encoding to TS1/0 on input line 317.
Package textcomp Info: Setting qbk sub-encoding to TS1/0 on input line 318.
Package textcomp Info: Setting qcr sub-encoding to TS1/0 on input line 319.
Package textcomp Info: Setting qcs sub-encoding to TS1/0 on input line 320.
Package textcomp Info: Setting qpl sub-encoding to TS1/0 on input line 321.
Package textcomp Info: Setting qtm sub-encoding to TS1/0 on input line 322.
Package textcomp Info: Setting qzc sub-encoding to TS1/0 on input line 323.
Package textcomp Info: Setting qhvc sub-encoding to TS1/0 on input line 324.
Package textcomp Info: Setting futs sub-encoding to TS1/4 on input line 325.
Package textcomp Info: Setting futx sub-encoding to TS1/4 on input line 326.
Package textcomp Info: Setting futj sub-encoding to TS1/4 on input line 327.
Package textcomp Info: Setting hlh sub-encoding to TS1/3 on input line 328.
Package textcomp Info: Setting hls sub-encoding to TS1/3 on input line 329.
Package textcomp Info: Setting hlst sub-encoding to TS1/3 on input line 330.
Package textcomp Info: Setting hlct sub-encoding to TS1/5 on input line 331.
Package textcomp Info: Setting hlx sub-encoding to TS1/5 on input line 332.
Package textcomp Info: Setting hlce sub-encoding to TS1/5 on input line 333.
Package textcomp Info: Setting hlcn sub-encoding to TS1/5 on input line 334.
Package textcomp Info: Setting hlcw sub-encoding to TS1/5 on input line 335.
Package textcomp Info: Setting hlcf sub-encoding to TS1/5 on input line 336.
Package textcomp Info: Setting pplx sub-encoding to TS1/3 on input line 337.
Package textcomp Info: Setting pplj sub-encoding to TS1/3 on input line 338.
Package textcomp Info: Setting ptmx sub-encoding to TS1/4 on input line 339.
Package textcomp Info: Setting ptmj sub-encoding to TS1/4 on input line 340.
)
(/usr/share/texmf/tex/latex/xcolor/xcolor.sty
Package: xcolor 2007/01/21 v2.11 LaTeX color extensions (UK)

(/usr/share/texmf/tex/latex/latexconfig/color.cfg
File: color.cfg 2007/01/18 v1.5 color configuration of teTeX/TeXLive
)
Package xcolor Info: Driver file: pdftex.def on input line 225.
Package xcolor Info: Model `cmy' substituted by `cmy0' on input line 1337.
Package xcolor Info: Model `hsb' substituted by `rgb' on input line 1341.
Package xcolor Info: Model `RGB' extended on input line 1353.
Package xcolor Info: Model `HTML' substituted by `rgb' on input line 1355.
Package xcolor Info: Model `Hsb' substituted by `hsb' on input line 1356.
Package xcolor Info: Model `tHsb' substituted by `hsb' on input line 1357.
Package xcolor Info: Model `HSB' substituted by `hsb' on input line 1358.
Package xcolor Info: Model `Gray' substituted by `gray' on input line 1359.
Package xcolor Info: Model `wave' substituted by `hsb' on input line 1360.
)
(/usr/share/texmf/tex/latex/lipsum/lipsum.sty
Package: lipsum 2011/04/14 v1.2 150 paragraphs of Lorem Ipsum dummy text
\c@lips@count=\count119
)
(/usr/share/texmf/tex/latex/subfig/subfig.sty
Package: subfig 2005/06/28 ver: 1.3 subfig package
\c@KVtest=\count120
\sf@farskip=\skip103
\sf@captopadj=\dimen144
\sf@capskip=\skip104
\sf@nearskip=\skip105
\c@subfigure=\count121
\c@subfigure@save=\count122
\c@subtable=\count123
\c@subtable@save=\count124
\sf@top=\skip106
\sf@bottom=\skip107
)
(/usr/share/texmf/tex/latex/url/url.sty
\Urlmuskip=\muskip11
Package: url 2006/04/12  ver 3.3  Verb mode for urls, etc.
)
(/usr/share/texmf/tex/latex/placeins/placeins.sty
Package: placeins 2005/04/18  v 2.2
)
(/usr/share/texmf/tex/latex/listings/listings.sty
\lst@mode=\count125
\lst@gtempboxa=\box31
\lst@token=\toks24
\lst@length=\count126
\lst@currlwidth=\dimen145
\lst@column=\count127
\lst@pos=\count128
\lst@lostspace=\dimen146
\lst@width=\dimen147
\lst@newlines=\count129
\lst@lineno=\count130
\lst@maxwidth=\dimen148

(/usr/share/texmf/tex/latex/listings/lstmisc.sty
File: lstmisc.sty 2007/02/22 1.4 (Carsten Heinz)
\c@lstnumber=\count131
\lst@skipnumbers=\count132
\lst@framebox=\box32
)
(/usr/share/texmf/tex/latex/listings/listings.cfg
File: listings.cfg 2007/02/22 1.4 listings configuration
))
Package: listings 2007/02/22 1.4 (Carsten Heinz)

(/usr/share/texmf/tex/latex/multirow/multirow.sty
\bigstrutjot=\dimen149
) (./AdityaKashi-thesis.aux
(./front.aux) (./Chapter-1/Chapter-1.aux) (./Chapter-2/Chapter-2.aux)
(./Chapter-3/Chapter-3.aux) (./Chapter-4/ch-results.aux)
(./Chapter-5/ch-conclusion.aux) (./Appendix-A/Appendix-A.aux))
\openout1 = `AdityaKashi-thesis.aux'.

LaTeX Font Info:    Checking defaults for OML/cmm/m/it on input line 127.
LaTeX Font Info:    ... okay on input line 127.
LaTeX Font Info:    Checking defaults for T1/cmr/m/n on input line 127.
LaTeX Font Info:    ... okay on input line 127.
LaTeX Font Info:    Checking defaults for OT1/cmr/m/n on input line 127.
LaTeX Font Info:    ... okay on input line 127.
LaTeX Font Info:    Checking defaults for OMS/cmsy/m/n on input line 127.
LaTeX Font Info:    ... okay on input line 127.
LaTeX Font Info:    Checking defaults for OMX/cmex/m/n on input line 127.
LaTeX Font Info:    ... okay on input line 127.
LaTeX Font Info:    Checking defaults for U/cmr/m/n on input line 127.
LaTeX Font Info:    ... okay on input line 127.
LaTeX Font Info:    Checking defaults for TS1/cmr/m/n on input line 127.
LaTeX Font Info:    Try loading font information for TS1+cmr on input line 127.


(/usr/share/texmf/tex/latex/base/ts1cmr.fd
File: ts1cmr.fd 1999/05/25 v2.5h Standard LaTeX font definitions
)
LaTeX Font Info:    ... okay on input line 127.

(/usr/share/texmf/tex/context/base/supp-pdf.mkii
[Loading MPS to PDF converter (version 2006.09.02).]
\scratchcounter=\count133
\scratchdimen=\dimen150
\scratchbox=\box33
\nofMPsegments=\count134
\nofMParguments=\count135
\everyMPshowfont=\toks25
\MPscratchCnt=\count136
\MPscratchDim=\dimen151
\MPnumerator=\count137
\makeMPintoPDFobject=\count138
\everyMPtoPDFconversion=\toks26
) (/usr/share/texmf/tex/generic/oberdiek/pdftexcmds.sty
Package: pdftexcmds 2011/11/29 v0.20 Utility functions of pdfTeX for LuaTeX (HO
)

(/usr/share/texmf/tex/generic/oberdiek/ifluatex.sty
Package: ifluatex 2010/03/01 v1.3 Provides the ifluatex switch (HO)
Package ifluatex Info: LuaTeX not detected.
)
Package pdftexcmds Info: LuaTeX not detected.
Package pdftexcmds Info: \pdf@primitive is available.
Package pdftexcmds Info: \pdf@ifprimitive is available.
Package pdftexcmds Info: \pdfdraftmode found.
)
(/usr/share/texmf/tex/latex/oberdiek/epstopdf-base.sty
Package: epstopdf-base 2010/02/09 v2.5 Base part for package epstopdf

(/usr/share/texmf/tex/latex/oberdiek/grfext.sty
Package: grfext 2010/08/19 v1.1 Manage graphics extensions (HO)

(/usr/share/texmf/tex/generic/oberdiek/kvdefinekeys.sty
Package: kvdefinekeys 2011/04/07 v1.3 Define keys (HO)
))
(/usr/share/texmf/tex/latex/oberdiek/kvoptions.sty
Package: kvoptions 2011/06/30 v3.11 Key value format for package options (HO)

(/usr/share/texmf/tex/generic/oberdiek/kvsetkeys.sty
Package: kvsetkeys 2012/04/25 v1.16 Key value parser (HO)

(/usr/share/texmf/tex/generic/oberdiek/etexcmds.sty
Package: etexcmds 2011/02/16 v1.5 Avoid name clashes with e-TeX commands (HO)
Package etexcmds Info: Could not find \expanded.
(etexcmds)             That can mean that you are not using pdfTeX 1.50 or
(etexcmds)             that some package has redefined \expanded.
(etexcmds)             In the latter case, load this package earlier.
)))
Package grfext Info: Graphics extension search list:
(grfext)             [.png,.pdf,.jpg,.mps,.jpeg,.jbig2,.jb2,.PNG,.PDF,.JPG,.JPE
G,.JBIG2,.JB2,.eps]
(grfext)             \AppendGraphicsExtensions on input line 452.

(/usr/share/texmf/tex/latex/latexconfig/epstopdf-sys.cfg
File: epstopdf-sys.cfg 2010/07/13 v1.3 Configuration of (r)epstopdf for TeX Liv
e
))
*geometry* driver: auto-detecting
*geometry* detected driver: pdftex
*geometry* verbose mode - [ preamble ] result:
* driver: pdftex
* paper: <default>
* layout: <same size as paper>
* layoutoffset:(h,v)=(0.0pt,0.0pt)
* modes: includefoot 
* h-part:(L,W,R)=(90.3375pt, 451.68752pt, 72.26999pt)
* v-part:(T,H,B)=(72.26999pt, 650.43001pt, 72.26999pt)
* \paperwidth=614.295pt
* \paperheight=794.96999pt
* \textwidth=451.68752pt
* \textheight=607.59671pt
* \oddsidemargin=18.0675pt
* \evensidemargin=18.0675pt
* \topmargin=-31.8738pt
* \headheight=12.0pt
* \headsep=19.8738pt
* \topskip=11.0pt
* \footskip=42.8333pt
* \marginparwidth=62.0pt
* \marginparsep=7.0pt
* \columnsep=10.0pt
* \skip\footins=10.0pt plus 4.0pt minus 2.0pt
* \hoffset=0.0pt
* \voffset=0.0pt
* \mag=1000
* \@twocolumnfalse
* \@twosidefalse
* \@mparswitchfalse
* \@reversemarginfalse
* (1in=72.27pt=25.4mm, 1cm=28.453pt)

Package caption Info: Begin \AtBeginDocument code.
Package caption Info: subfig package v1.3 is loaded.
Package caption Info: listings package is loaded.
Package caption Info: End \AtBeginDocument code.
\c@ncsu@appendixtocdepth=\count139
\c@lstlisting=\count140
\openout2 = `front.aux'.

(./front.tex
Underfull \hbox (badness 10000) in paragraph at lines 2--2

 []

[1





{/usr/share/texmf/fonts/map/pdftex/updmap/pdftex.map}]
LaTeX Font Info:    Try loading font information for U+msa on input line 10.

(/usr/share/texmf/tex/latex/amsfonts/umsa.fd
File: umsa.fd 2013/01/14 v3.01 AMS symbols A
)
LaTeX Font Info:    Try loading font information for U+msb on input line 10.

(/usr/share/texmf/tex/latex/amsfonts/umsb.fd
File: umsb.fd 2013/01/14 v3.01 AMS symbols B
) [1

] [1

] [2


] [3


] [4


]
(./AdityaKashi-thesis.toc)
\tf@toc=\write3
\openout3 = `AdityaKashi-thesis.toc'.

 [5

] (./AdityaKashi-thesis.lot)
\tf@lot=\write4
\openout4 = `AdityaKashi-thesis.lot'.

 [6

]
(./AdityaKashi-thesis.lof [7

])
\tf@lof=\write5
\openout5 = `AdityaKashi-thesis.lof'.

 [8])
\openout2 = `Chapter-1/Chapter-1.aux'.

 (./Chapter-1/Chapter-1.tex
Chapter 1.
[1





]) [2]
\openout2 = `Chapter-2/Chapter-2.aux'.

 (./Chapter-2/Chapter-2.tex
Chapter 2.
[3



] <Chapter-2/figs/torsionspring.png, id=51, 740.7675pt x 375.4025pt>
File: Chapter-2/figs/torsionspring.png Graphic file (type png)

<use Chapter-2/figs/torsionspring.png>
Package pdftex.def Info: Chapter-2/figs/torsionspring.png used on input line 32
.
(pdftex.def)             Requested size: 185.19142pt x 93.85039pt.
 [4 <./Chapter-2/figs/torsionspring.png>] [5] [6] [7] [8]
Overfull \hbox (16.85701pt too wide) in paragraph at lines 156--156
[]\OT1/cmr/bx/n/12 Interpolation us-ing ra-dial ba-sis func-tion on the De-lau-
nay graph (DGRBF) 
 []

[9] [10]) [11]
\openout2 = `Chapter-3/Chapter-3.aux'.

 (./Chapter-3/Chapter-3.tex
Chapter 3.
[12



] [13] [14] <Chapter-3/figs/3-airfoil.pdf, id=95, 1485.55pt x 948.54375pt>
File: Chapter-3/figs/3-airfoil.pdf Graphic file (type pdf)

<use Chapter-3/figs/3-airfoil.pdf>
Package pdftex.def Info: Chapter-3/figs/3-airfoil.pdf used on input line 64.
(pdftex.def)             Requested size: 415.95117pt x 265.59044pt.

<Chapter-3/figs/dg-3airfoil-zoomed.pdf, id=96, 1485.55pt x 948.54375pt>
File: Chapter-3/figs/dg-3airfoil-zoomed.pdf Graphic file (type pdf)

<use Chapter-3/figs/dg-3airfoil-zoomed.pdf>
Package pdftex.def Info: Chapter-3/figs/dg-3airfoil-zoomed.pdf used on input li
ne 70.
(pdftex.def)             Requested size: 371.3866pt x 237.13535pt.

<Chapter-3/figs/mesh-3airfoil-zoomed.pdf, id=97, 1485.55pt x 948.54375pt>
File: Chapter-3/figs/mesh-3airfoil-zoomed.pdf Graphic file (type pdf)

<use Chapter-3/figs/mesh-3airfoil-zoomed.pdf>
Package pdftex.def Info: Chapter-3/figs/mesh-3airfoil-zoomed.pdf used on input 
line 76.
(pdftex.def)             Requested size: 371.3866pt x 237.13535pt.

<Chapter-3/figs/DG-curved-problem.pdf, id=98, 562.50153pt x 491.96913pt>
File: Chapter-3/figs/DG-curved-problem.pdf Graphic file (type pdf)

<use Chapter-3/figs/DG-curved-problem.pdf>
Package pdftex.def Info: Chapter-3/figs/DG-curved-problem.pdf used on input lin
e 84.
(pdftex.def)             Requested size: 168.75175pt x 147.59187pt.
) [15] [16 <./Chapter-3/figs/3-airfoil.pdf> <./Chapter-3/figs/dg-3airfoil-zoome
d.pdf>]

LaTeX Warning: `!h' float specifier changed to `!ht'.

[17 <./Chapter-3/figs/mesh-3airfoil-zoomed.pdf>] [18 <./Chapter-3/figs/DG-curve
d-problem.pdf>]
\openout2 = `Chapter-4/ch-results.aux'.

 (./Chapter-4/ch-results.tex
Chapter 4.
<images/3comp-inviscid.pdf, id=130, 1485.55pt x 948.54375pt>
File: images/3comp-inviscid.pdf Graphic file (type pdf)

<use images/3comp-inviscid.pdf>
Package pdftex.def Info: images/3comp-inviscid.pdf used on input line 8.
(pdftex.def)             Requested size: 371.3866pt x 237.13535pt.

<images/wing60-farhat.pdf, id=131, 1485.55pt x 948.54375pt>
File: images/wing60-farhat.pdf Graphic file (type pdf)

<use images/wing60-farhat.pdf>
Package pdftex.def Info: images/wing60-farhat.pdf used on input line 17.
(pdftex.def)             Requested size: 371.3866pt x 237.13535pt.

<images/wing60-linelastp1.pdf, id=132, 1485.55pt x 948.54375pt>
File: images/wing60-linelastp1.pdf Graphic file (type pdf)

<use images/wing60-linelastp1.pdf>
Package pdftex.def Info: images/wing60-linelastp1.pdf used on input line 26.
(pdftex.def)             Requested size: 371.3866pt x 237.13535pt.

<images/wing60-linelastp1_zoomed.pdf, id=133, 1485.55pt x 948.54375pt>
File: images/wing60-linelastp1_zoomed.pdf Graphic file (type pdf)

<use images/wing60-linelastp1_zoomed.pdf>
Package pdftex.def Info: images/wing60-linelastp1_zoomed.pdf used on input line
 32.
(pdftex.def)             Requested size: 371.3866pt x 237.13535pt.

<images/wing60-linelastp1_zoomed2.pdf, id=134, 1485.55pt x 948.54375pt>
File: images/wing60-linelastp1_zoomed2.pdf Graphic file (type pdf)

<use images/wing60-linelastp1_zoomed2.pdf>
Package pdftex.def Info: images/wing60-linelastp1_zoomed2.pdf used on input lin
e 38.
(pdftex.def)             Requested size: 371.3866pt x 237.13535pt.

<images/wing60-dg-ms.pdf, id=135, 1485.55pt x 948.54375pt>
File: images/wing60-dg-ms.pdf Graphic file (type pdf)

<use images/wing60-dg-ms.pdf>
Package pdftex.def Info: images/wing60-dg-ms.pdf used on input line 47.
(pdftex.def)             Requested size: 371.3866pt x 237.13535pt.

<images/wing60-dg-ms_zoomed.pdf, id=136, 1485.55pt x 948.54375pt>
File: images/wing60-dg-ms_zoomed.pdf Graphic file (type pdf)

<use images/wing60-dg-ms_zoomed.pdf>
Package pdftex.def Info: images/wing60-dg-ms_zoomed.pdf used on input line 53.
(pdftex.def)             Requested size: 371.3866pt x 237.13535pt.
 [19



] [20 <./images/3comp-inviscid.pdf> <./images/wing60-farhat.pdf>] [21 <./images
/wing60-linelastp1.pdf> <./images/wing60-linelastp1_zoomed.pdf>] [22 <./images/
wing60-linelastp1_zoomed2.pdf> <./images/wing60-dg-ms.pdf>]
<images/wing60-rbf-sr15-s3.pdf, id=181, 1485.55pt x 948.54375pt>
File: images/wing60-rbf-sr15-s3.pdf Graphic file (type pdf)

<use images/wing60-rbf-sr15-s3.pdf>
Package pdftex.def Info: images/wing60-rbf-sr15-s3.pdf used on input line 62.
(pdftex.def)             Requested size: 371.3866pt x 237.13535pt.

<images/wing60-rbf-sr15-s3_zoomed.pdf, id=182, 1485.55pt x 948.54375pt>
File: images/wing60-rbf-sr15-s3_zoomed.pdf Graphic file (type pdf)

<use images/wing60-rbf-sr15-s3_zoomed.pdf>
Package pdftex.def Info: images/wing60-rbf-sr15-s3_zoomed.pdf used on input lin
e 68.
(pdftex.def)             Requested size: 371.3866pt x 237.13535pt.

<images/wing60-rbf-sr15-s3_zoomed2.pdf, id=183, 1485.55pt x 948.54375pt>
File: images/wing60-rbf-sr15-s3_zoomed2.pdf Graphic file (type pdf)

<use images/wing60-rbf-sr15-s3_zoomed2.pdf>
Package pdftex.def Info: images/wing60-rbf-sr15-s3_zoomed2.pdf used on input li
ne 74.
(pdftex.def)             Requested size: 371.3866pt x 237.13535pt.
 [23 <./images/wing60-dg-ms_zoomed.pdf>] [24 <./images/wing60-rbf-sr15-s3.pdf> 
<./images/wing60-rbf-sr15-s3_zoomed.pdf>] <images/qin-orig-mesh.pdf, id=205, 13
37.99875pt x 780.9175pt>
File: images/qin-orig-mesh.pdf Graphic file (type pdf)

<use images/qin-orig-mesh.pdf>
Package pdftex.def Info: images/qin-orig-mesh.pdf used on input line 85.
(pdftex.def)             Requested size: 334.49887pt x 195.2289pt.

<images/qin-60-dgm-quality.pdf, id=206, 1337.99875pt x 780.9175pt>
File: images/qin-60-dgm-quality.pdf Graphic file (type pdf)

<use images/qin-60-dgm-quality.pdf>
Package pdftex.def Info: images/qin-60-dgm-quality.pdf used on input line 92.
(pdftex.def)             Requested size: 334.49887pt x 195.2289pt.

<images/qin-60-rbf-quality.pdf, id=207, 1337.99875pt x 780.9175pt>
File: images/qin-60-rbf-quality.pdf Graphic file (type pdf)

<use images/qin-60-rbf-quality.pdf>
Package pdftex.def Info: images/qin-60-rbf-quality.pdf used on input line 99.
(pdftex.def)             Requested size: 334.49887pt x 195.2289pt.

<images/qin-60-dgrbf2-quality.pdf, id=208, 1337.99875pt x 780.9175pt>
File: images/qin-60-dgrbf2-quality.pdf Graphic file (type pdf)

<use images/qin-60-dgrbf2-quality.pdf>
Package pdftex.def Info: images/qin-60-dgrbf2-quality.pdf used on input line 10
6.
(pdftex.def)             Requested size: 334.49887pt x 195.2289pt.

<images/qin-120-quality-withmesh.pdf, id=209, 1337.99875pt x 780.9175pt>
File: images/qin-120-quality-withmesh.pdf Graphic file (type pdf)

<use images/qin-120-quality-withmesh.pdf>
Package pdftex.def Info: images/qin-120-quality-withmesh.pdf used on input line
 115.
(pdftex.def)             Requested size: 334.49887pt x 195.2289pt.
 [25 <./images/wing60-rbf-sr15-s3_zoomed2.pdf>] [26 <./images/qin-orig-mesh.pdf
> <./images/qin-60-dgm-quality.pdf>]
[27 <./images/qin-60-rbf-quality.pdf> <./images/qin-60-dgrbf2-quality.pdf>]
[28 <./images/qin-120-quality-withmesh.pdf>]
<images/3compblack.png, id=254, 1188.44pt x 776.08125pt>
File: images/3compblack.png Graphic file (type png)

<use images/3compblack.png>
Package pdftex.def Info: images/3compblack.png used on input line 137.
(pdftex.def)             Requested size: 300.0pt x 195.90271pt.

<images/3comp-elast-vzoomedblk.pdf, id=255, 1485.55pt x 948.54375pt>
File: images/3comp-elast-vzoomedblk.pdf Graphic file (type pdf)

<use images/3comp-elast-vzoomedblk.pdf>
Package pdftex.def Info: images/3comp-elast-vzoomedblk.pdf used on input line 1
57.
(pdftex.def)             Requested size: 200.0pt x 127.70052pt.

<images/3comp-rbf-vzoomedblk.pdf, id=256, 1485.55pt x 948.54375pt>
File: images/3comp-rbf-vzoomedblk.pdf Graphic file (type pdf)

<use images/3comp-rbf-vzoomedblk.pdf>
Package pdftex.def Info: images/3comp-rbf-vzoomedblk.pdf used on input line 160
.
(pdftex.def)             Requested size: 200.0pt x 127.70052pt.

<images/3comp-rbf-zoomed-jacobians2.png, id=257, 842.14626pt x 504.88625pt>
File: images/3comp-rbf-zoomed-jacobians2.png Graphic file (type png)

<use images/3comp-rbf-zoomed-jacobians2.png>
Package pdftex.def Info: images/3comp-rbf-zoomed-jacobians2.png used on input l
ine 169.
(pdftex.def)             Requested size: 421.0721pt x 252.44249pt.
 [29 <./images/3compblack.png>]
[30 <./images/3comp-elast-vzoomedblk.pdf> <./images/3comp-rbf-vzoomedblk.pdf> <
./images/3comp-rbf-zoomed-jacobians2.png (PNG copy)>]
<images/3comp-stiffelast-zoomed.pdf, id=275, 1485.55pt x 948.54375pt>
File: images/3comp-stiffelast-zoomed.pdf Graphic file (type pdf)

<use images/3comp-stiffelast-zoomed.pdf>
Package pdftex.def Info: images/3comp-stiffelast-zoomed.pdf used on input line 
180.
(pdftex.def)             Requested size: 742.7732pt x 474.2707pt.

Overfull \hbox (3.9911pt too wide) in paragraph at lines 186--199
[][] 
 []

[31 <./images/3comp-stiffelast-zoomed.pdf>]
<images/bump3d-vcoarse2.pdf, id=290, 1445.68231pt x 141.27782pt>
File: images/bump3d-vcoarse2.pdf Graphic file (type pdf)

<use images/bump3d-vcoarse2.pdf>
Package pdftex.def Info: images/bump3d-vcoarse2.pdf used on input line 228.
(pdftex.def)             Requested size: 433.70804pt x 42.38365pt.

<images/bump3d-vcoarse-quality.pdf, id=291, 1485.55pt x 948.54375pt>
File: images/bump3d-vcoarse-quality.pdf Graphic file (type pdf)

<use images/bump3d-vcoarse-quality.pdf>
Package pdftex.def Info: images/bump3d-vcoarse-quality.pdf used on input line 2
35.
(pdftex.def)             Requested size: 742.7732pt x 474.2707pt.

<images/bump3d-medium-quality.pdf, id=292, 1485.55pt x 948.54375pt>
File: images/bump3d-medium-quality.pdf Graphic file (type pdf)

<use images/bump3d-medium-quality.pdf>
Package pdftex.def Info: images/bump3d-medium-quality.pdf used on input line 24
1.
(pdftex.def)             Requested size: 742.7732pt x 474.2707pt.
 [32] [33 <./images/bump3d-vcoarse2.pdf> <./images/bump3d-vcoarse-quality.pdf>]

<images/solver-convergence.pdf, id=374, 870.85347pt x 619.71527pt>
File: images/solver-convergence.pdf Graphic file (type pdf)

<use images/solver-convergence.pdf>
Package pdftex.def Info: images/solver-convergence.pdf used on input line 251.
(pdftex.def)             Requested size: 435.42566pt x 309.85687pt.

<images/cd_grid_conv.pdf, id=375, 822.07124pt x 618.81187pt>
File: images/cd_grid_conv.pdf Graphic file (type pdf)

<use images/cd_grid_conv.pdf>
Package pdftex.def Info: images/cd_grid_conv.pdf used on input line 258.
(pdftex.def)             Requested size: 411.0346pt x 309.40518pt.
) [34 <./images/bump3d-medium-quality.pdf>]
[35 <./images/solver-convergence.pdf>] [36 <./images/cd_grid_conv.pdf>]
\openout2 = `Chapter-5/ch-conclusion.aux'.


(./Chapter-5/ch-conclusion.tex
Chapter 5.
[37



]) [38] (./AdityaKashi-thesis.bbl [39


] [40] [41]) [42] [43

]
\openout2 = `Appendix-A/Appendix-A.aux'.


(./Appendix-A/Appendix-A.tex
Appendix A.
LaTeX Font Info:    Try loading font information for OMS+cmr on input line 11.
(/usr/share/texmf/tex/latex/base/omscmr.fd
File: omscmr.fd 1999/05/25 v2.5h Standard LaTeX font definitions
)
LaTeX Font Info:    Font shape `OMS/cmr/m/n' in size <10.95> not available
(Font)              Font shape `OMS/cmsy/m/n' tried instead on input line 11.
 [44



] [45] [46]
Appendix B.
[47

]) [48] (./AdityaKashi-thesis.aux (./front.aux) (./Chapter-1/Chapter-1.aux)
(./Chapter-2/Chapter-2.aux) (./Chapter-3/Chapter-3.aux)
(./Chapter-4/ch-results.aux) (./Chapter-5/ch-conclusion.aux)
(./Appendix-A/Appendix-A.aux)) ) 
Here is how much of TeX's memory you used:
 7896 strings out of 493315
 115042 string characters out of 6145894
 370963 words of memory out of 5000000
 11085 multiletter control sequences out of 15000+600000
 14687 words of font info for 53 fonts, out of 8000000 for 9000
 957 hyphenation exceptions out of 8191
 43i,11n,45p,1579b,1433s stack positions out of 5000i,500n,10000p,200000b,80000s
{/usr/share/texmf/fonts/enc/dvips/cm-super/cm-s
uper-ts1.enc}</usr/share/texmf/fonts/type1/public/amsfonts/cm/cmbx10.pfb></usr/
share/texmf/fonts/type1/public/amsfonts/cm/cmbx12.pfb></usr/share/texmf/fonts/t
ype1/public/amsfonts/cm/cmbx8.pfb></usr/share/texmf/fonts/type1/public/amsfonts
/cm/cmex10.pfb></usr/share/texmf/fonts/type1/public/amsfonts/cm/cmmi10.pfb></us
r/share/texmf/fonts/type1/public/amsfonts/cm/cmmi6.pfb></usr/share/texmf/fonts/
type1/public/amsfonts/cm/cmmi8.pfb></usr/share/texmf/fonts/type1/public/amsfont
s/cm/cmmib10.pfb></usr/share/texmf/fonts/type1/public/amsfonts/cm/cmr10.pfb></u
sr/share/texmf/fonts/type1/public/amsfonts/cm/cmr6.pfb></usr/share/texmf/fonts/
type1/public/amsfonts/cm/cmr8.pfb></usr/share/texmf/fonts/type1/public/amsfonts
/cm/cmsy10.pfb></usr/share/texmf/fonts/type1/public/amsfonts/cm/cmsy8.pfb></usr
/share/texmf/fonts/type1/public/amsfonts/cm/cmti10.pfb></usr/share/texmf/fonts/
type1/public/amsfonts/cm/cmti8.pfb></usr/share/texmf/fonts/type1/public/amsfont
s/cm/cmtt10.pfb></usr/share/texmf/fonts/type1/public/amsfonts/symbols/msbm10.pf
b></usr/share/texmf/fonts/type1/public/cm-super/sfrm1095.pfb>
Output written on AdityaKashi-thesis.pdf (58 pages, 11230898 bytes).
PDF statistics:
 1230 PDF objects out of 1440 (max. 8388607)
 314 compressed objects within 4 object streams
 0 named destinations out of 1000 (max. 500000)
 151 words of extra memory for PDF output out of 10000 (max. 10000000)

