This is pdfTeX, Version 3.1415926-2.5-1.40.14 (TeX Live 2013/TeX Live for SUSE Linux) (format=pdflatex 2016.2.21)  26 APR 2016 23:24
entering extended mode
 restricted \write18 enabled.
 %&-line parsing enabled.
**AdityaKashi-MSdefense.tex
(./AdityaKashi-MSdefense.tex
LaTeX2e <2011/06/27>
Babel <3.9f> and hyphenation patterns for 78 languages loaded.
(/usr/share/texmf/tex/latex/beamer/beamer.cls
(/usr/share/texmf/tex/latex/beamer/beamerbasercs.sty
Package: beamerbasercs 2013/01/04 (rcs-revision 9a97a4eee358)
)
Document Class: beamer 2013/01/04 3.26 A class for typesetting presentations (r
cs-revision e81e0c94bcc6)
(/usr/share/texmf/tex/latex/beamer/beamerbasemodes.sty
Package: beamerbasemodes 2012/04/15 (rcs-revision cc6557182d97)
\beamer@tempbox=\box26
\beamer@tempcount=\count79
\c@beamerpauses=\count80

(/usr/share/texmf/tex/latex/beamer/beamerbasedecode.sty
Package: beamerbasedecode 2010/05/01 (rcs-revision efa082c6111d)
\beamer@slideinframe=\count81
\beamer@minimum=\count82
)
\beamer@commentbox=\box27
\beamer@modecount=\count83
)
(/usr/share/texmf/tex/generic/oberdiek/ifpdf.sty
Package: ifpdf 2011/01/30 v2.3 Provides the ifpdf switch (HO)
Package ifpdf Info: pdfTeX in PDF mode is detected.
)
\headheight=\dimen102
\headdp=\dimen103
\footheight=\dimen104
\sidebarheight=\dimen105
\beamer@tempdim=\dimen106
\beamer@finalheight=\dimen107
\beamer@animht=\dimen108
\beamer@animdp=\dimen109
\beamer@animwd=\dimen110
\beamer@leftmargin=\dimen111
\beamer@rightmargin=\dimen112
\beamer@leftsidebar=\dimen113
\beamer@rightsidebar=\dimen114
\beamer@boxsize=\dimen115
\beamer@vboxoffset=\dimen116
\beamer@descdefault=\dimen117
\beamer@descriptionwidth=\dimen118
\beamer@lastskip=\skip41
\beamer@areabox=\box28
\beamer@animcurrent=\box29
\beamer@animshowbox=\box30
\beamer@sectionbox=\box31
\beamer@logobox=\box32
\beamer@linebox=\box33
\beamer@sectioncount=\count84
\beamer@subsubsectionmax=\count85
\beamer@subsectionmax=\count86
\beamer@sectionmax=\count87
\beamer@totalheads=\count88
\beamer@headcounter=\count89
\beamer@partstartpage=\count90
\beamer@sectionstartpage=\count91
\beamer@subsectionstartpage=\count92
\beamer@animationtempa=\count93
\beamer@animationtempb=\count94
\beamer@xpos=\count95
\beamer@ypos=\count96
\beamer@showpartnumber=\count97
\beamer@currentsubsection=\count98
\beamer@coveringdepth=\count99
\beamer@sectionadjust=\count100
\beamer@tocsectionnumber=\count101

(/usr/share/texmf/tex/latex/beamer/beamerbaseoptions.sty
Package: beamerbaseoptions 2010/04/27 (rcs-revision 982469101dd6)

(/usr/share/texmf/tex/latex/graphics/keyval.sty
Package: keyval 1999/03/16 v1.13 key=value parser (DPC)
\KV@toks@=\toks14
))
\beamer@paperwidth=\skip42
\beamer@paperheight=\skip43

(/usr/share/texmf/tex/latex/geometry/geometry.sty
Package: geometry 2010/09/12 v5.6 Page Geometry

(/usr/share/texmf/tex/generic/oberdiek/ifvtex.sty
Package: ifvtex 2010/03/01 v1.5 Detect VTeX and its facilities (HO)
Package ifvtex Info: VTeX not detected.
)
(/usr/share/texmf/tex/generic/ifxetex/ifxetex.sty
Package: ifxetex 2010/09/12 v0.6 Provides ifxetex conditional
)
\Gm@cnth=\count102
\Gm@cntv=\count103
\c@Gm@tempcnt=\count104
\Gm@bindingoffset=\dimen119
\Gm@wd@mp=\dimen120
\Gm@odd@mp=\dimen121
\Gm@even@mp=\dimen122
\Gm@layoutwidth=\dimen123
\Gm@layoutheight=\dimen124
\Gm@layouthoffset=\dimen125
\Gm@layoutvoffset=\dimen126
\Gm@dimlist=\toks15
)
(/usr/share/texmf/tex/latex/base/size12.clo
File: size12.clo 2007/10/19 v1.4h Standard LaTeX file (size option)
)
(/usr/share/texmf/tex/latex/pgf/basiclayer/pgfcore.sty
(/usr/share/texmf/tex/latex/graphics/graphicx.sty
Package: graphicx 1999/02/16 v1.0f Enhanced LaTeX Graphics (DPC,SPQR)

(/usr/share/texmf/tex/latex/graphics/graphics.sty
Package: graphics 2009/02/05 v1.0o Standard LaTeX Graphics (DPC,SPQR)

(/usr/share/texmf/tex/latex/graphics/trig.sty
Package: trig 1999/03/16 v1.09 sin cos tan (DPC)
)
(/usr/share/texmf/tex/latex/latexconfig/graphics.cfg
File: graphics.cfg 2010/04/23 v1.9 graphics configuration of TeX Live
)
Package graphics Info: Driver file: pdftex.def on input line 91.

(/usr/share/texmf/tex/latex/pdftex-def/pdftex.def
File: pdftex.def 2011/05/27 v0.06d Graphics/color for pdfTeX

(/usr/share/texmf/tex/generic/oberdiek/infwarerr.sty
Package: infwarerr 2010/04/08 v1.3 Providing info/warning/error messages (HO)
)
(/usr/share/texmf/tex/generic/oberdiek/ltxcmds.sty
Package: ltxcmds 2011/11/09 v1.22 LaTeX kernel commands for general use (HO)
)
\Gread@gobject=\count105
))
\Gin@req@height=\dimen127
\Gin@req@width=\dimen128
)
(/usr/share/texmf/tex/latex/pgf/systemlayer/pgfsys.sty
(/usr/share/texmf/tex/latex/pgf/utilities/pgfrcs.sty
(/usr/share/texmf/tex/generic/pgf/utilities/pgfutil-common.tex
\pgfutil@everybye=\toks16
)
(/usr/share/texmf/tex/generic/pgf/utilities/pgfutil-latex.def
\pgfutil@abb=\box34

(/usr/share/texmf/tex/latex/ms/everyshi.sty
Package: everyshi 2001/05/15 v3.00 EveryShipout Package (MS)
))
(/usr/share/texmf/tex/generic/pgf/utilities/pgfrcs.code.tex
Package: pgfrcs 2010/10/25 v2.10 (rcs-revision 1.24)
))
(/usr/share/texmf/tex/generic/pgf/systemlayer/pgfsys.code.tex
Package: pgfsys 2010/06/30 v2.10 (rcs-revision 1.37)

(/usr/share/texmf/tex/generic/pgf/utilities/pgfkeys.code.tex
\pgfkeys@pathtoks=\toks17
\pgfkeys@temptoks=\toks18

(/usr/share/texmf/tex/generic/pgf/utilities/pgfkeysfiltered.code.tex
\pgfkeys@tmptoks=\toks19
))
\pgf@x=\dimen129
\pgf@y=\dimen130
\pgf@xa=\dimen131
\pgf@ya=\dimen132
\pgf@xb=\dimen133
\pgf@yb=\dimen134
\pgf@xc=\dimen135
\pgf@yc=\dimen136
\w@pgf@writea=\write3
\r@pgf@reada=\read1
\c@pgf@counta=\count106
\c@pgf@countb=\count107
\c@pgf@countc=\count108
\c@pgf@countd=\count109

(/usr/share/texmf/tex/generic/pgf/systemlayer/pgf.cfg
File: pgf.cfg 2008/05/14  (rcs-revision 1.7)
)
Package pgfsys Info: Driver file for pgf: pgfsys-pdftex.def on input line 900.

(/usr/share/texmf/tex/generic/pgf/systemlayer/pgfsys-pdftex.def
File: pgfsys-pdftex.def 2009/05/22  (rcs-revision 1.26)

(/usr/share/texmf/tex/generic/pgf/systemlayer/pgfsys-common-pdf.def
File: pgfsys-common-pdf.def 2008/05/19  (rcs-revision 1.10)
)))
(/usr/share/texmf/tex/generic/pgf/systemlayer/pgfsyssoftpath.code.tex
File: pgfsyssoftpath.code.tex 2008/07/18  (rcs-revision 1.7)
\pgfsyssoftpath@smallbuffer@items=\count110
\pgfsyssoftpath@bigbuffer@items=\count111
)
(/usr/share/texmf/tex/generic/pgf/systemlayer/pgfsysprotocol.code.tex
File: pgfsysprotocol.code.tex 2006/10/16  (rcs-revision 1.4)
))
(/usr/share/texmf/tex/latex/xcolor/xcolor.sty
Package: xcolor 2007/01/21 v2.11 LaTeX color extensions (UK)

(/usr/share/texmf/tex/latex/latexconfig/color.cfg
File: color.cfg 2007/01/18 v1.5 color configuration of teTeX/TeXLive
)
Package xcolor Info: Driver file: pdftex.def on input line 225.
Package xcolor Info: Model `cmy' substituted by `cmy0' on input line 1337.
Package xcolor Info: Model `hsb' substituted by `rgb' on input line 1341.
Package xcolor Info: Model `RGB' extended on input line 1353.
Package xcolor Info: Model `HTML' substituted by `rgb' on input line 1355.
Package xcolor Info: Model `Hsb' substituted by `hsb' on input line 1356.
Package xcolor Info: Model `tHsb' substituted by `hsb' on input line 1357.
Package xcolor Info: Model `HSB' substituted by `hsb' on input line 1358.
Package xcolor Info: Model `Gray' substituted by `gray' on input line 1359.
Package xcolor Info: Model `wave' substituted by `hsb' on input line 1360.
)
(/usr/share/texmf/tex/generic/pgf/basiclayer/pgfcore.code.tex
Package: pgfcore 2010/04/11 v2.10 (rcs-revision 1.7)

(/usr/share/texmf/tex/generic/pgf/math/pgfmath.code.tex
(/usr/share/texmf/tex/generic/pgf/math/pgfmathcalc.code.tex
(/usr/share/texmf/tex/generic/pgf/math/pgfmathutil.code.tex)
(/usr/share/texmf/tex/generic/pgf/math/pgfmathparser.code.tex
\pgfmath@dimen=\dimen137
\pgfmath@count=\count112
\pgfmath@box=\box35
\pgfmath@toks=\toks20
\pgfmath@stack@operand=\toks21
\pgfmath@stack@operation=\toks22
)
(/usr/share/texmf/tex/generic/pgf/math/pgfmathfunctions.code.tex
(/usr/share/texmf/tex/generic/pgf/math/pgfmathfunctions.basic.code.tex)
(/usr/share/texmf/tex/generic/pgf/math/pgfmathfunctions.trigonometric.code.tex)
(/usr/share/texmf/tex/generic/pgf/math/pgfmathfunctions.random.code.tex)
(/usr/share/texmf/tex/generic/pgf/math/pgfmathfunctions.comparison.code.tex)
(/usr/share/texmf/tex/generic/pgf/math/pgfmathfunctions.base.code.tex)
(/usr/share/texmf/tex/generic/pgf/math/pgfmathfunctions.round.code.tex)
(/usr/share/texmf/tex/generic/pgf/math/pgfmathfunctions.misc.code.tex)))
(/usr/share/texmf/tex/generic/pgf/math/pgfmathfloat.code.tex
\c@pgfmathroundto@lastzeros=\count113
))
(/usr/share/texmf/tex/generic/pgf/basiclayer/pgfcorepoints.code.tex
File: pgfcorepoints.code.tex 2010/04/09  (rcs-revision 1.20)
\pgf@picminx=\dimen138
\pgf@picmaxx=\dimen139
\pgf@picminy=\dimen140
\pgf@picmaxy=\dimen141
\pgf@pathminx=\dimen142
\pgf@pathmaxx=\dimen143
\pgf@pathminy=\dimen144
\pgf@pathmaxy=\dimen145
\pgf@xx=\dimen146
\pgf@xy=\dimen147
\pgf@yx=\dimen148
\pgf@yy=\dimen149
\pgf@zx=\dimen150
\pgf@zy=\dimen151
)
(/usr/share/texmf/tex/generic/pgf/basiclayer/pgfcorepathconstruct.code.tex
File: pgfcorepathconstruct.code.tex 2010/08/03  (rcs-revision 1.24)
\pgf@path@lastx=\dimen152
\pgf@path@lasty=\dimen153
)
(/usr/share/texmf/tex/generic/pgf/basiclayer/pgfcorepathusage.code.tex
File: pgfcorepathusage.code.tex 2008/04/22  (rcs-revision 1.12)
\pgf@shorten@end@additional=\dimen154
\pgf@shorten@start@additional=\dimen155
)
(/usr/share/texmf/tex/generic/pgf/basiclayer/pgfcorescopes.code.tex
File: pgfcorescopes.code.tex 2010/09/08  (rcs-revision 1.34)
\pgfpic=\box36
\pgf@hbox=\box37
\pgf@layerbox@main=\box38
\pgf@picture@serial@count=\count114
)
(/usr/share/texmf/tex/generic/pgf/basiclayer/pgfcoregraphicstate.code.tex
File: pgfcoregraphicstate.code.tex 2008/04/22  (rcs-revision 1.9)
\pgflinewidth=\dimen156
)
(/usr/share/texmf/tex/generic/pgf/basiclayer/pgfcoretransformations.code.tex
File: pgfcoretransformations.code.tex 2009/06/10  (rcs-revision 1.11)
\pgf@pt@x=\dimen157
\pgf@pt@y=\dimen158
\pgf@pt@temp=\dimen159
)
(/usr/share/texmf/tex/generic/pgf/basiclayer/pgfcorequick.code.tex
File: pgfcorequick.code.tex 2008/10/09  (rcs-revision 1.3)
)
(/usr/share/texmf/tex/generic/pgf/basiclayer/pgfcoreobjects.code.tex
File: pgfcoreobjects.code.tex 2006/10/11  (rcs-revision 1.2)
)
(/usr/share/texmf/tex/generic/pgf/basiclayer/pgfcorepathprocessing.code.tex
File: pgfcorepathprocessing.code.tex 2008/10/09  (rcs-revision 1.8)
)
(/usr/share/texmf/tex/generic/pgf/basiclayer/pgfcorearrows.code.tex
File: pgfcorearrows.code.tex 2008/04/23  (rcs-revision 1.11)
)
(/usr/share/texmf/tex/generic/pgf/basiclayer/pgfcoreshade.code.tex
File: pgfcoreshade.code.tex 2008/11/23  (rcs-revision 1.13)
\pgf@max=\dimen160
\pgf@sys@shading@range@num=\count115
)
(/usr/share/texmf/tex/generic/pgf/basiclayer/pgfcoreimage.code.tex
File: pgfcoreimage.code.tex 2010/03/25  (rcs-revision 1.16)

(/usr/share/texmf/tex/generic/pgf/basiclayer/pgfcoreexternal.code.tex
File: pgfcoreexternal.code.tex 2010/09/01  (rcs-revision 1.17)
\pgfexternal@startupbox=\box39
))
(/usr/share/texmf/tex/generic/pgf/basiclayer/pgfcorelayers.code.tex
File: pgfcorelayers.code.tex 2010/08/27  (rcs-revision 1.2)
)
(/usr/share/texmf/tex/generic/pgf/basiclayer/pgfcoretransparency.code.tex
File: pgfcoretransparency.code.tex 2008/01/17  (rcs-revision 1.2)
)
(/usr/share/texmf/tex/generic/pgf/basiclayer/pgfcorepatterns.code.tex
File: pgfcorepatterns.code.tex 2009/07/02  (rcs-revision 1.3)
)))
(/usr/share/texmf/tex/latex/pgf/utilities/xxcolor.sty
Package: xxcolor 2003/10/24 ver 0.1
\XC@nummixins=\count116
\XC@countmixins=\count117
)
(/usr/share/texmf/tex/latex/hyperref/hyperref.sty
Package: hyperref 2012/11/06 v6.83m Hypertext links for LaTeX

(/usr/share/texmf/tex/generic/oberdiek/hobsub-hyperref.sty
Package: hobsub-hyperref 2012/05/28 v1.13 Bundle oberdiek, subset hyperref (HO)


(/usr/share/texmf/tex/generic/oberdiek/hobsub-generic.sty
Package: hobsub-generic 2012/05/28 v1.13 Bundle oberdiek, subset generic (HO)
Package: hobsub 2012/05/28 v1.13 Construct package bundles (HO)
Package hobsub Info: Skipping package `infwarerr' (already loaded).
Package hobsub Info: Skipping package `ltxcmds' (already loaded).
Package: ifluatex 2010/03/01 v1.3 Provides the ifluatex switch (HO)
Package ifluatex Info: LuaTeX not detected.
Package hobsub Info: Skipping package `ifvtex' (already loaded).
Package: intcalc 2007/09/27 v1.1 Expandable calculations with integers (HO)
Package hobsub Info: Skipping package `ifpdf' (already loaded).
Package: etexcmds 2011/02/16 v1.5 Avoid name clashes with e-TeX commands (HO)
Package etexcmds Info: Could not find \expanded.
(etexcmds)             That can mean that you are not using pdfTeX 1.50 or
(etexcmds)             that some package has redefined \expanded.
(etexcmds)             In the latter case, load this package earlier.
Package: kvsetkeys 2012/04/25 v1.16 Key value parser (HO)
Package: kvdefinekeys 2011/04/07 v1.3 Define keys (HO)
Package: pdftexcmds 2011/11/29 v0.20 Utility functions of pdfTeX for LuaTeX (HO
)
Package pdftexcmds Info: LuaTeX not detected.
Package pdftexcmds Info: \pdf@primitive is available.
Package pdftexcmds Info: \pdf@ifprimitive is available.
Package pdftexcmds Info: \pdfdraftmode found.
Package: pdfescape 2011/11/25 v1.13 Implements pdfTeX's escape features (HO)
Package: bigintcalc 2012/04/08 v1.3 Expandable calculations on big integers (HO
)
Package: bitset 2011/01/30 v1.1 Handle bit-vector datatype (HO)
Package: uniquecounter 2011/01/30 v1.2 Provide unlimited unique counter (HO)
)
Package hobsub Info: Skipping package `hobsub' (already loaded).
Package: letltxmacro 2010/09/02 v1.4 Let assignment for LaTeX macros (HO)
Package: hopatch 2012/05/28 v1.2 Wrapper for package hooks (HO)
Package: xcolor-patch 2011/01/30 xcolor patch
Package: atveryend 2011/06/30 v1.8 Hooks at the very end of document (HO)
Package atveryend Info: \enddocument detected (standard20110627).
Package: atbegshi 2011/10/05 v1.16 At begin shipout hook (HO)
Package: refcount 2011/10/16 v3.4 Data extraction from label references (HO)
Package: hycolor 2011/01/30 v1.7 Color options for hyperref/bookmark (HO)
)
(/usr/share/texmf/tex/latex/oberdiek/auxhook.sty
Package: auxhook 2011/03/04 v1.3 Hooks for auxiliary files (HO)
)
(/usr/share/texmf/tex/latex/oberdiek/kvoptions.sty
Package: kvoptions 2011/06/30 v3.11 Key value format for package options (HO)
)
\@linkdim=\dimen161
\Hy@linkcounter=\count118
\Hy@pagecounter=\count119

(/usr/share/texmf/tex/latex/hyperref/pd1enc.def
File: pd1enc.def 2012/11/06 v6.83m Hyperref: PDFDocEncoding definition (HO)
)
\Hy@SavedSpaceFactor=\count120

(/usr/share/texmf/tex/latex/latexconfig/hyperref.cfg
File: hyperref.cfg 2002/06/06 v1.2 hyperref configuration of TeXLive
)
Package hyperref Info: Option `bookmarks' set `true' on input line 4319.
Package hyperref Info: Option `bookmarksopen' set `true' on input line 4319.
Package hyperref Info: Option `implicit' set `false' on input line 4319.
Package hyperref Info: Hyper figures OFF on input line 4443.
Package hyperref Info: Link nesting OFF on input line 4448.
Package hyperref Info: Hyper index ON on input line 4451.
Package hyperref Info: Plain pages OFF on input line 4458.
Package hyperref Info: Backreferencing OFF on input line 4463.
Package hyperref Info: Implicit mode OFF; no redefinition of LaTeX internals.
Package hyperref Info: Bookmarks ON on input line 4688.
\c@Hy@tempcnt=\count121

(/usr/share/texmf/tex/latex/url/url.sty
\Urlmuskip=\muskip10
Package: url 2006/04/12  ver 3.3  Verb mode for urls, etc.
)
LaTeX Info: Redefining \url on input line 5041.
\XeTeXLinkMargin=\dimen162
\Fld@menulength=\count122
\Field@Width=\dimen163
\Fld@charsize=\dimen164
Package hyperref Info: Hyper figures OFF on input line 6295.
Package hyperref Info: Link nesting OFF on input line 6300.
Package hyperref Info: Hyper index ON on input line 6303.
Package hyperref Info: backreferencing OFF on input line 6310.
Package hyperref Info: Link coloring OFF on input line 6315.
Package hyperref Info: Link coloring with OCG OFF on input line 6320.
Package hyperref Info: PDF/A mode OFF on input line 6325.
LaTeX Info: Redefining \ref on input line 6365.
LaTeX Info: Redefining \pageref on input line 6369.
\Hy@abspage=\count123


Package hyperref Message: Stopped early.

)

Package hyperref Message: Driver (autodetected): hpdftex.

(/usr/share/texmf/tex/latex/hyperref/hpdftex.def
File: hpdftex.def 2012/11/06 v6.83m Hyperref driver for pdfTeX
\Fld@listcount=\count124
\c@bookmark@seq@number=\count125

(/usr/share/texmf/tex/latex/oberdiek/rerunfilecheck.sty
Package: rerunfilecheck 2011/04/15 v1.7 Rerun checks for auxiliary files (HO)
Package uniquecounter Info: New unique counter `rerunfilecheck' on input line 2
82.
))
(/usr/share/texmf/tex/latex/beamer/beamerbaserequires.sty
Package: beamerbaserequires 2010/05/01  (rcs-revision efa082c6111d)

(/usr/share/texmf/tex/latex/beamer/beamerbasecompatibility.sty
Package: beamerbasecompatibility 2012/05/01  (rcs-revision 67c48b3b652d)
)
(/usr/share/texmf/tex/latex/beamer/beamerbasefont.sty
Package: beamerbasefont 2012/09/19  (rcs-revision 733629cd0c6c)

(/usr/share/texmf/tex/latex/amsfonts/amssymb.sty
Package: amssymb 2013/01/14 v3.01 AMS font symbols

(/usr/share/texmf/tex/latex/amsfonts/amsfonts.sty
Package: amsfonts 2013/01/14 v3.01 Basic AMSFonts support
\@emptytoks=\toks23
\symAMSa=\mathgroup4
\symAMSb=\mathgroup5
LaTeX Font Info:    Overwriting math alphabet `\mathfrak' in version `bold'
(Font)                  U/euf/m/n --> U/euf/b/n on input line 106.
)))
(/usr/share/texmf/tex/latex/beamer/beamerbasetranslator.sty
Package: beamerbasetranslator 2010/06/11  (rcs-revision 85fd1cc7fc42)

(/usr/share/texmf/tex/latex/beamer/translator/translator.sty
Package: translator 2010/06/12 ver 1.10

(/usr/share/texmf/tex/latex/beamer/translator/translator-language-mappings.tex)
)) (/usr/share/texmf/tex/latex/beamer/beamerbasemisc.sty
Package: beamerbasemisc 2012/02/24  (rcs-revision 2ff5461be705)
)
(/usr/share/texmf/tex/latex/beamer/beamerbasetwoscreens.sty
Package: beamerbasetwoscreens 2010/05/01  (rcs-revision efa082c6111d)
)
(/usr/share/texmf/tex/latex/beamer/beamerbaseoverlay.sty
Package: beamerbaseoverlay 2012/11/11  (rcs-revision 6afbc49b1109)
\beamer@argscount=\count126
\beamer@lastskipcover=\skip44
\beamer@trivlistdepth=\count127
)
(/usr/share/texmf/tex/latex/beamer/beamerbasetitle.sty
Package: beamerbasetitle 2010/09/21  (rcs-revision f0446ed0b6ae)
)
(/usr/share/texmf/tex/latex/beamer/beamerbasesection.sty
Package: beamerbasesection 2013/01/04  (rcs-revision 54309ceef997)
\c@lecture=\count128
\c@part=\count129
\c@section=\count130
\c@subsection=\count131
\c@subsubsection=\count132
)
(/usr/share/texmf/tex/latex/beamer/beamerbaseframe.sty
Package: beamerbaseframe 2012/12/26  (rcs-revision 1443917db2cf)
\beamer@framebox=\box40
\beamer@frametitlebox=\box41
\beamer@zoombox=\box42
\beamer@zoomcount=\count133
\beamer@zoomframecount=\count134
\beamer@frametextheight=\dimen165
\c@subsectionslide=\count135
\beamer@frametopskip=\skip45
\beamer@framebottomskip=\skip46
\beamer@frametopskipautobreak=\skip47
\beamer@framebottomskipautobreak=\skip48
\beamer@envbody=\toks24
\framewidth=\dimen166
\c@framenumber=\count136
)
(/usr/share/texmf/tex/latex/beamer/beamerbaseverbatim.sty
Package: beamerbaseverbatim 2012/08/30  (rcs-revision dfdb135076b3)
\beamer@verbatimfileout=\write4
)
(/usr/share/texmf/tex/latex/beamer/beamerbaseframesize.sty
Package: beamerbaseframesize 2011/09/12  (rcs-revision 70f9d8411e54)
\beamer@splitbox=\box43
\beamer@autobreakcount=\count137
\beamer@autobreaklastheight=\dimen167
\beamer@frametitletoks=\toks25
\beamer@framesubtitletoks=\toks26
)
(/usr/share/texmf/tex/latex/beamer/beamerbaseframecomponents.sty
Package: beamerbaseframecomponents 2012/09/13  (rcs-revision dcd846607320)
\beamer@footins=\box44
)
(/usr/share/texmf/tex/latex/beamer/beamerbasecolor.sty
Package: beamerbasecolor 2010/06/06  (rcs-revision d1a9b48be06d)
)
(/usr/share/texmf/tex/latex/beamer/beamerbasenotes.sty
Package: beamerbasenotes 2012/12/19  (rcs-revision 1686da3db3c9)
\beamer@frameboxcopy=\box45
)
(/usr/share/texmf/tex/latex/beamer/beamerbasetoc.sty
Package: beamerbasetoc 2012/10/02  (rcs-revision 5ed0f4010e8a)
)
(/usr/share/texmf/tex/latex/beamer/beamerbasetemplates.sty
Package: beamerbasetemplates 2010/05/01  (rcs-revision efa082c6111d)
\beamer@sbttoks=\toks27

(/usr/share/texmf/tex/latex/beamer/beamerbaseauxtemplates.sty
Package: beamerbaseauxtemplates 2012/05/01  (rcs-revision 67c48b3b652d)

(/usr/share/texmf/tex/latex/beamer/beamerbaseboxes.sty
Package: beamerbaseboxes 2012/05/13  (rcs-revision 56972908a390)
\bmb@box=\box46
\bmb@colorbox=\box47
\bmb@boxshadow=\box48
\bmb@boxshadowball=\box49
\bmb@boxshadowballlarge=\box50
\bmb@temp=\dimen168
\bmb@dima=\dimen169
\bmb@dimb=\dimen170
\bmb@prevheight=\dimen171
)
\beamer@blockheadheight=\dimen172
))
(/usr/share/texmf/tex/latex/beamer/beamerbaselocalstructure.sty
Package: beamerbaselocalstructure 2012/11/13  (rcs-revision ddfba79dac19)

(/usr/share/texmf/tex/latex/tools/enumerate.sty
Package: enumerate 1999/03/05 v3.00 enumerate extensions (DPC)
\@enLab=\toks28
)
\c@figure=\count138
\c@table=\count139
\abovecaptionskip=\skip49
\belowcaptionskip=\skip50
)
(/usr/share/texmf/tex/latex/beamer/beamerbasenavigation.sty
Package: beamerbasenavigation 2012/04/03  (rcs-revision 42a0f21a412d)
\beamer@section@min@dim=\dimen173
)
(/usr/share/texmf/tex/latex/beamer/beamerbasetheorems.sty
Package: beamerbasetheorems 2010/06/06  (rcs-revision 7e7cc5e53e9d)

(/usr/share/texmf/tex/latex/amsmath/amsmath.sty
Package: amsmath 2013/01/14 v2.14 AMS math features
\@mathmargin=\skip51

For additional information on amsmath, use the `?' option.
(/usr/share/texmf/tex/latex/amsmath/amstext.sty
Package: amstext 2000/06/29 v2.01

(/usr/share/texmf/tex/latex/amsmath/amsgen.sty
File: amsgen.sty 1999/11/30 v2.0
\@emptytoks=\toks29
\ex@=\dimen174
))
(/usr/share/texmf/tex/latex/amsmath/amsbsy.sty
Package: amsbsy 1999/11/29 v1.2d
\pmbraise@=\dimen175
)
(/usr/share/texmf/tex/latex/amsmath/amsopn.sty
Package: amsopn 1999/12/14 v2.01 operator names
)
\inf@bad=\count140
LaTeX Info: Redefining \frac on input line 210.
\uproot@=\count141
\leftroot@=\count142
LaTeX Info: Redefining \overline on input line 306.
\classnum@=\count143
\DOTSCASE@=\count144
LaTeX Info: Redefining \ldots on input line 378.
LaTeX Info: Redefining \dots on input line 381.
LaTeX Info: Redefining \cdots on input line 466.
\Mathstrutbox@=\box51
\strutbox@=\box52
\big@size=\dimen176
LaTeX Font Info:    Redeclaring font encoding OML on input line 566.
LaTeX Font Info:    Redeclaring font encoding OMS on input line 567.
\macc@depth=\count145
\c@MaxMatrixCols=\count146
\dotsspace@=\muskip11
\c@parentequation=\count147
\dspbrk@lvl=\count148
\tag@help=\toks30
\row@=\count149
\column@=\count150
\maxfields@=\count151
\andhelp@=\toks31
\eqnshift@=\dimen177
\alignsep@=\dimen178
\tagshift@=\dimen179
\tagwidth@=\dimen180
\totwidth@=\dimen181
\lineht@=\dimen182
\@envbody=\toks32
\multlinegap=\skip52
\multlinetaggap=\skip53
\mathdisplay@stack=\toks33
LaTeX Info: Redefining \[ on input line 2665.
LaTeX Info: Redefining \] on input line 2666.
)
(/usr/share/texmf/tex/latex/amscls/amsthm.sty
Package: amsthm 2004/08/06 v2.20
\thm@style=\toks34
\thm@bodyfont=\toks35
\thm@headfont=\toks36
\thm@notefont=\toks37
\thm@headpunct=\toks38
\thm@preskip=\skip54
\thm@postskip=\skip55
\thm@headsep=\skip56
\dth@everypar=\toks39
)
\c@theorem=\count152
)
(/usr/share/texmf/tex/latex/beamer/beamerbasethemes.sty
Package: beamerbasethemes 2010/05/01  (rcs-revision efa082c6111d)
))
(/usr/share/texmf/tex/latex/beamer/themes/theme/beamerthemedefault.sty
Package: beamerthemedefault 2010/06/17  (rcs-revision d02a7cf4d8ae)

(/usr/share/texmf/tex/latex/beamer/themes/font/beamerfontthemedefault.sty
Package: beamerfontthemedefault 2012/12/19  (rcs-revision 1686da3db3c9)
)
(/usr/share/texmf/tex/latex/beamer/themes/color/beamercolorthemedefault.sty
Package: beamercolorthemedefault 2012/12/19  (rcs-revision 1686da3db3c9)
)
(/usr/share/texmf/tex/latex/beamer/themes/inner/beamerinnerthemedefault.sty
Package: beamerinnerthemedefault 2012/05/01  (rcs-revision 67c48b3b652d)
\beamer@dima=\dimen183
\beamer@dimb=\dimen184
)
(/usr/share/texmf/tex/latex/beamer/themes/outer/beamerouterthemedefault.sty
Package: beamerouterthemedefault 2012/12/19  (rcs-revision 1686da3db3c9)
)))
(./beamerthemeNCSUstat.sty
Package: beamerthemeNCSUstat 2010/02/12 Beamer theme for NCSU presentations wit
h official logo

(/usr/share/texmf/tex/latex/beamer/themes/inner/beamerinnerthemerounded.sty
Package: beamerinnerthemerounded 2010/06/17  (rcs-revision d02a7cf4d8ae)
)
(/usr/share/texmf/tex/latex/beamer/themes/outer/beamerouterthemeinfolines.sty
Package: beamerouterthemeinfolines 2012/10/16  (rcs-revision 51a8c72084af)
)
(./beamercolorthemewolfstat.sty
Package: beamercolorthemewolfstat 2010/02/12 Beamer color theme for NCSU presen
tations with official wolfred color
)) (/usr/share/texmf/tex/generic/babel/babel.sty
Package: babel 2013/05/16 v3.9f The Babel package
(/usr/share/texmf/tex/generic/babel-english/english.ldf
Language: english 2012/08/20 v3.3p English support from the babel system

(/usr/share/texmf/tex/generic/babel/babel.def
File: babel.def 2013/05/16 v3.9f Babel common definitions
LaTeX Info: Redefining \textlatin on input line 130.
\babel@savecnt=\count153
\U@D=\dimen185
)
\l@canadian = a dialect from \language\l@american 
\l@australian = a dialect from \language\l@british 
\l@newzealand = a dialect from \language\l@british 
))
(/usr/share/texmf/tex/latex/base/inputenc.sty
Package: inputenc 2008/03/30 v1.1d Input encoding file
\inpenc@prehook=\toks40
\inpenc@posthook=\toks41

(/usr/share/texmf/tex/latex/base/latin1.def
File: latin1.def 2008/03/30 v1.1d Input encoding file
))
(/usr/share/texmf/tex/latex/psnfss/times.sty
Package: times 2005/04/12 PSNFSS-v9.2a (SPQR) 
)
(/usr/share/texmf/tex/latex/base/fontenc.sty
Package: fontenc 2005/09/27 v1.99g Standard LaTeX package

(/usr/share/texmf/tex/latex/base/t1enc.def
File: t1enc.def 2005/09/27 v1.99g Standard LaTeX file
LaTeX Font Info:    Redeclaring font encoding T1 on input line 43.
))
(/usr/share/texmf/tex/latex/booktabs/booktabs.sty
Package: booktabs 2005/04/14 v1.61803 publication quality tables
\heavyrulewidth=\dimen186
\lightrulewidth=\dimen187
\cmidrulewidth=\dimen188
\belowrulesep=\dimen189
\belowbottomsep=\dimen190
\aboverulesep=\dimen191
\abovetopsep=\dimen192
\cmidrulesep=\dimen193
\cmidrulekern=\dimen194
\defaultaddspace=\dimen195
\@cmidla=\count154
\@cmidlb=\count155
\@aboverulesep=\dimen196
\@belowrulesep=\dimen197
\@thisruleclass=\count156
\@lastruleclass=\count157
\@thisrulewidth=\dimen198
)
(/usr/share/texmf/tex/latex/subfig/subfig.sty
Package: subfig 2005/06/28 ver: 1.3 subfig package

(/usr/share/texmf/tex/latex/caption/caption.sty
Package: caption 2013/05/02 v3.3-89 Customizing captions (AR)

(/usr/share/texmf/tex/latex/caption/caption3.sty
Package: caption3 2013/05/02 v1.6-88 caption3 kernel (AR)
Package caption3 Info: TeX engine: e-TeX on input line 57.
\captionmargin=\dimen199
\captionmargin@=\dimen200
\captionwidth=\dimen201
\caption@tempdima=\dimen202
\caption@indent=\dimen203
\caption@parindent=\dimen204
\caption@hangindent=\dimen205
)
\c@ContinuedFloat=\count158
Package caption Info: beamer document class.
Package caption Info: hyperref package is loaded.
Package caption Info: Hyperref support is turned off
(caption)             because hyperref has stopped early.
)
\c@KVtest=\count159
\sf@farskip=\skip57
\sf@captopadj=\dimen206
\sf@capskip=\skip58
\sf@nearskip=\skip59
\c@subfigure=\count160
\c@subfigure@save=\count161
\c@depth=\count162
\c@subtable=\count163
\c@subtable@save=\count164
\sf@top=\skip60
\sf@bottom=\skip61
)
(/usr/share/texmf/tex/latex/multirow/multirow.sty
\bigstrutjot=\dimen207
)
(/usr/share/texmf/tex/latex/biblatex/biblatex.sty
Package: biblatex 2013/07/15 v2.7a programmable bibliographies (PK/JW/AB)

(/usr/share/texmf/tex/latex/biblatex/biblatex1.sty
Package: biblatex1 2013/07/15 v2.7a programmable bibliographies (bibtex) (PK/JW
/AB)

(/usr/share/texmf/tex/latex/etoolbox/etoolbox.sty
Package: etoolbox 2011/01/03 v2.1 e-TeX tools for LaTeX

(/usr/share/texmf/tex/latex/etex-pkg/etex.sty
Package: etex 1998/03/26 v2.0 eTeX basic definition package (PEB)
\et@xins=\count165
)
\etb@tempcnta=\count166
)
(/usr/share/texmf/tex/latex/logreq/logreq.sty
Package: logreq 2010/08/04 v1.0 xml request logger
\lrq@indent=\count167

(/usr/share/texmf/tex/latex/logreq/logreq.def
File: logreq.def 2010/08/04 v1.0 logreq spec v1.0
))
(/usr/share/texmf/tex/latex/base/ifthen.sty
Package: ifthen 2001/05/26 v1.1c Standard LaTeX ifthen package (DPC)
)
\c@tabx@nest=\count168
\c@listtotal=\count169
\c@listcount=\count170
\c@liststart=\count171
\c@liststop=\count172
\c@citecount=\count173
\c@citetotal=\count174
\c@multicitecount=\count175
\c@multicitetotal=\count176
\c@instcount=\count177
\c@maxnames=\count178
\c@minnames=\count179
\c@maxitems=\count180
\c@minitems=\count181
\c@citecounter=\count182
\c@savedcitecounter=\count183
\c@uniquelist=\count184
\c@uniquename=\count185
\c@refsection=\count186
\c@refsegment=\count187
\c@maxextrayear=\count188
\c@maxextraalpha=\count189
\c@abbrvpenalty=\count190
\c@highnamepenalty=\count191
\c@lownamepenalty=\count192
\c@maxparens=\count193
\c@parenlevel=\count194
\blx@tempcnta=\count195
\blx@tempcntb=\count196
\blx@tempcntc=\count197
\blx@maxsection=\count198
\blx@maxsegment=\count199
\blx@notetype=\count200
\blx@parenlevel@text=\count201
\blx@parenlevel@foot=\count202
\labelnumberwidth=\skip62
\labelalphawidth=\skip63
\shorthandwidth=\skip64
\biblabelsep=\skip65
\bibitemsep=\skip66
\bibnamesep=\skip67
\bibinitsep=\skip68
\bibparsep=\skip69
\bibhang=\skip70
\blx@auxin=\read2
\blx@auxout=\write5
\c@mincomprange=\count203
\c@maxcomprange=\count204
\c@mincompwidth=\count205
\c@labelname=\count206
\c@savedlabelname=\count207
\c@author=\count208
\c@savedauthor=\count209
\c@shortauthor=\count210
\c@savedshortauthor=\count211
\c@editor=\count212
\c@savededitor=\count213
\c@editora=\count214
\c@savededitora=\count215
\c@editorb=\count216
\c@savededitorb=\count217
\c@editorc=\count218
\c@savededitorc=\count219
\c@shorteditor=\count220
\c@savedshorteditor=\count221
\c@bookauthor=\count222
\c@savedbookauthor=\count223
\c@translator=\count224
\c@savedtranslator=\count225
\c@annotator=\count226
\c@savedannotator=\count227
\c@commentator=\count228
\c@savedcommentator=\count229
\c@introduction=\count230
\c@savedintroduction=\count231
\c@foreword=\count232
\c@savedforeword=\count233
Normal \count register pool exhausted, switching to extended pool.
\c@afterword=\count277
\c@savedafterword=\count278
\c@holder=\count279
\c@savedholder=\count280
\c@namea=\count281
\c@savednamea=\count282
\c@nameb=\count283
\c@savednameb=\count284
\c@namec=\count285
\c@savednamec=\count286
\c@institution=\count287
\c@savedinstitution=\count288
\c@language=\count289
\c@savedlanguage=\count290
\c@location=\count291
\c@savedlocation=\count292
\c@organization=\count293
\c@savedorganization=\count294
\c@origlocation=\count295
\c@savedoriglocation=\count296
\c@origpublisher=\count297
\c@savedorigpublisher=\count298
\c@pageref=\count299
\c@savedpageref=\count300
\c@publisher=\count301
\c@savedpublisher=\count302
\c@lista=\count303
\c@savedlista=\count304
\c@listb=\count305
\c@savedlistb=\count306
\c@listc=\count307
\c@savedlistc=\count308
\c@listd=\count309
\c@savedlistd=\count310
\c@liste=\count311
\c@savedliste=\count312
\c@listf=\count313
\c@savedlistf=\count314
Package biblatex Info: Trying to load compatibility code...
Package biblatex Info: ... file 'blx-compat.def' found.

(/usr/share/texmf/tex/latex/biblatex/blx-compat.def
File: blx-compat.def 2013/07/15 v2.7a biblatex compatibility (PK/JW/AB)
)
Package biblatex Info: Trying to load generic definitions...
Package biblatex Info: ... file 'biblatex.def' found.

(/usr/share/texmf/tex/latex/biblatex/biblatex.def
File: biblatex.def 
\c@textcitecount=\count315
\c@textcitetotal=\count316
\c@textcitemaxnames=\count317
\c@biburlnumpenalty=\count318
\c@biburlucpenalty=\count319
\c@biburllcpenalty=\count320
\c@smartand=\count321
)
Package biblatex Info: Trying to load bibliography style 'numeric'...
Package biblatex Info: ... file 'numeric.bbx' found.

(/usr/share/texmf/tex/latex/biblatex/bbx/numeric.bbx
File: numeric.bbx 2013/07/15 v2.7a biblatex bibliography style (PK/JW/AB)
Package biblatex Info: Trying to load bibliography style 'standard'...
Package biblatex Info: ... file 'standard.bbx' found.

(/usr/share/texmf/tex/latex/biblatex/bbx/standard.bbx
File: standard.bbx 2013/07/15 v2.7a biblatex bibliography style (PK/JW/AB)
\c@bbx:relatedcount=\count322
\c@bbx:relatedtotal=\count323
))
Package biblatex Info: Trying to load citation style 'numeric'...
Package biblatex Info: ... file 'numeric.cbx' found.

(/usr/share/texmf/tex/latex/biblatex/cbx/numeric.cbx
File: numeric.cbx 2013/07/15 v2.7a biblatex citation style (PK/JW/AB)
Package biblatex Info: Redefining '\cite'.
Package biblatex Info: Redefining '\parencite'.
Package biblatex Info: Redefining '\footcite'.
Package biblatex Info: Redefining '\footcitetext'.
Package biblatex Info: Redefining '\smartcite'.
Package biblatex Info: Redefining '\supercite'.
Package biblatex Info: Redefining '\textcite'.
Package biblatex Info: Redefining '\textcites'.
Package biblatex Info: Redefining '\cites'.
Package biblatex Info: Redefining '\parencites'.
Package biblatex Info: Redefining '\smartcites'.
)
Package biblatex Info: Trying to load configuration file...
Package biblatex Info: ... file 'biblatex.cfg' found.

(/usr/share/texmf/tex/latex/biblatex/biblatex.cfg
File: biblatex.cfg 
)))
Package biblatex Info: Trying to load language 'english'...
Package biblatex Info: ... file 'english.lbx' found.

(/usr/share/texmf/tex/latex/biblatex/lbx/english.lbx
File: english.lbx 2013/07/15 v2.7a biblatex localization (PK/JW/AB)
)

Package biblatex Warning: Patching footnotes failed.
(biblatex)                Footnote detection will not work.


Package biblatex Warning: 'babel' detected but 'csquotes' missing.
(biblatex)                Loading 'csquotes' recommended.

\@quotelevel=\count324
\@quotereset=\count325
(./AdityaKashi-MSdefense.aux)
\openout1 = `AdityaKashi-MSdefense.aux'.

LaTeX Font Info:    Checking defaults for OML/cmm/m/it on input line 49.
LaTeX Font Info:    ... okay on input line 49.
LaTeX Font Info:    Checking defaults for T1/cmr/m/n on input line 49.
LaTeX Font Info:    ... okay on input line 49.
LaTeX Font Info:    Checking defaults for OT1/cmr/m/n on input line 49.
LaTeX Font Info:    ... okay on input line 49.
LaTeX Font Info:    Checking defaults for OMS/cmsy/m/n on input line 49.
LaTeX Font Info:    ... okay on input line 49.
LaTeX Font Info:    Checking defaults for OMX/cmex/m/n on input line 49.
LaTeX Font Info:    ... okay on input line 49.
LaTeX Font Info:    Checking defaults for U/cmr/m/n on input line 49.
LaTeX Font Info:    ... okay on input line 49.
LaTeX Font Info:    Checking defaults for PD1/pdf/m/n on input line 49.
LaTeX Font Info:    ... okay on input line 49.
LaTeX Font Info:    Try loading font information for T1+phv on input line 49.
 (/usr/share/texmf/tex/latex/psnfss/t1phv.fd
File: t1phv.fd 2001/06/04 scalable font definitions for T1/phv.
)
*geometry* driver: auto-detecting
*geometry* detected driver: pdftex
*geometry* verbose mode - [ preamble ] result:
* driver: pdftex
* paper: custom
* layout: <same size as paper>
* layoutoffset:(h,v)=(0.0pt,0.0pt)
* modes: includehead includefoot 
* h-part:(L,W,R)=(11.74988pt, 340.6956pt, 11.74988pt)
* v-part:(T,H,B)=(0.0pt, 273.14662pt, 0.0pt)
* \paperwidth=364.19536pt
* \paperheight=273.14662pt
* \textwidth=340.6956pt
* \textheight=244.6939pt
* \oddsidemargin=-60.52011pt
* \evensidemargin=-60.52011pt
* \topmargin=-72.26999pt
* \headheight=14.22636pt
* \headsep=0.0pt
* \topskip=12.0pt
* \footskip=14.22636pt
* \marginparwidth=4.0pt
* \marginparsep=10.0pt
* \columnsep=10.0pt
* \skip\footins=10.8pt plus 4.0pt minus 2.0pt
* \hoffset=0.0pt
* \voffset=0.0pt
* \mag=1000
* \@twocolumnfalse
* \@twosidefalse
* \@mparswitchfalse
* \@reversemarginfalse
* (1in=72.27pt=25.4mm, 1cm=28.453pt)

(/usr/share/texmf/tex/context/base/supp-pdf.mkii
[Loading MPS to PDF converter (version 2006.09.02).]
\scratchcounter=\count326
\scratchdimen=\dimen208
\scratchbox=\box53
\nofMPsegments=\count327
\nofMParguments=\count328
\everyMPshowfont=\toks42
\MPscratchCnt=\count329
\MPscratchDim=\dimen209
\MPnumerator=\count330
\makeMPintoPDFobject=\count331
\everyMPtoPDFconversion=\toks43
) (/usr/share/texmf/tex/latex/oberdiek/epstopdf-base.sty
Package: epstopdf-base 2010/02/09 v2.5 Base part for package epstopdf

(/usr/share/texmf/tex/latex/oberdiek/grfext.sty
Package: grfext 2010/08/19 v1.1 Manage graphics extensions (HO)
)
Package grfext Info: Graphics extension search list:
(grfext)             [.png,.pdf,.jpg,.mps,.jpeg,.jbig2,.jb2,.PNG,.PDF,.JPG,.JPE
G,.JBIG2,.JB2,.eps]
(grfext)             \AppendGraphicsExtensions on input line 452.

(/usr/share/texmf/tex/latex/latexconfig/epstopdf-sys.cfg
File: epstopdf-sys.cfg 2010/07/13 v1.3 Configuration of (r)epstopdf for TeX Liv
e
))
ABD: EveryShipout initializing macros
\AtBeginShipoutBox=\box54
Package hyperref Info: Link coloring OFF on input line 49.

(/usr/share/texmf/tex/latex/hyperref/nameref.sty
Package: nameref 2012/10/27 v2.43 Cross-referencing by name of section

(/usr/share/texmf/tex/generic/oberdiek/gettitlestring.sty
Package: gettitlestring 2010/12/03 v1.4 Cleanup title references (HO)
)
\c@section@level=\count332
)
LaTeX Info: Redefining \ref on input line 49.
LaTeX Info: Redefining \pageref on input line 49.
LaTeX Info: Redefining \nameref on input line 49.

(./AdityaKashi-MSdefense.out) (./AdityaKashi-MSdefense.out)
\@outlinefile=\write6
\openout6 = `AdityaKashi-MSdefense.out'.

LaTeX Font Info:    Overwriting symbol font `operators' in version `normal'
(Font)                  OT1/cmr/m/n --> OT1/cmss/m/n on input line 49.
LaTeX Font Info:    Overwriting symbol font `operators' in version `bold'
(Font)                  OT1/cmr/bx/n --> OT1/cmss/bx/n on input line 49.
\symnumbers=\mathgroup6
\sympureletters=\mathgroup7
LaTeX Font Info:    Overwriting math alphabet `\mathrm' in version `normal'
(Font)                  OT1/cmss/m/n --> T1/ptm/m/n on input line 49.
LaTeX Font Info:    Redeclaring math alphabet \mathbf on input line 49.
LaTeX Font Info:    Overwriting math alphabet `\mathbf' in version `normal'
(Font)                  OT1/cmr/bx/n --> T1/phv/bx/n on input line 49.
LaTeX Font Info:    Overwriting math alphabet `\mathbf' in version `bold'
(Font)                  OT1/cmr/bx/n --> T1/phv/bx/n on input line 49.
LaTeX Font Info:    Redeclaring math alphabet \mathsf on input line 49.
LaTeX Font Info:    Overwriting math alphabet `\mathsf' in version `normal'
(Font)                  OT1/cmss/m/n --> T1/phv/m/n on input line 49.
LaTeX Font Info:    Overwriting math alphabet `\mathsf' in version `bold'
(Font)                  OT1/cmss/bx/n --> T1/phv/m/n on input line 49.
LaTeX Font Info:    Redeclaring math alphabet \mathit on input line 49.
LaTeX Font Info:    Overwriting math alphabet `\mathit' in version `normal'
(Font)                  OT1/cmr/m/it --> T1/phv/m/it on input line 49.
LaTeX Font Info:    Overwriting math alphabet `\mathit' in version `bold'
(Font)                  OT1/cmr/bx/it --> T1/phv/m/it on input line 49.
LaTeX Font Info:    Redeclaring math alphabet \mathtt on input line 49.
LaTeX Font Info:    Overwriting math alphabet `\mathtt' in version `normal'
(Font)                  OT1/cmtt/m/n --> T1/pcr/m/n on input line 49.
LaTeX Font Info:    Overwriting math alphabet `\mathtt' in version `bold'
(Font)                  OT1/cmtt/m/n --> T1/pcr/m/n on input line 49.
LaTeX Font Info:    Overwriting symbol font `numbers' in version `bold'
(Font)                  T1/phv/m/n --> T1/phv/bx/n on input line 49.
LaTeX Font Info:    Overwriting symbol font `pureletters' in version `bold'
(Font)                  T1/phv/m/it --> T1/phv/bx/it on input line 49.
LaTeX Font Info:    Overwriting math alphabet `\mathrm' in version `bold'
(Font)                  OT1/cmss/bx/n --> T1/ptm/bx/n on input line 49.
LaTeX Font Info:    Overwriting math alphabet `\mathbf' in version `bold'
(Font)                  T1/phv/bx/n --> T1/phv/bx/n on input line 49.
LaTeX Font Info:    Overwriting math alphabet `\mathsf' in version `bold'
(Font)                  T1/phv/m/n --> T1/phv/bx/n on input line 49.
LaTeX Font Info:    Overwriting math alphabet `\mathit' in version `bold'
(Font)                  T1/phv/m/it --> T1/phv/bx/it on input line 49.
LaTeX Font Info:    Overwriting math alphabet `\mathtt' in version `bold'
(Font)                  T1/pcr/m/n --> T1/pcr/bx/n on input line 49.

(/usr/share/texmf/tex/latex/beamer/translator/dicts/translator-basic-dictionary
/translator-basic-dictionary-English.dict
Dictionary: translator-basic-dictionary, Language: English 
)
(/usr/share/texmf/tex/latex/beamer/translator/dicts/translator-bibliography-dic
tionary/translator-bibliography-dictionary-English.dict
Dictionary: translator-bibliography-dictionary, Language: English 
)
(/usr/share/texmf/tex/latex/beamer/translator/dicts/translator-environment-dict
ionary/translator-environment-dictionary-English.dict
Dictionary: translator-environment-dictionary, Language: English 
)
(/usr/share/texmf/tex/latex/beamer/translator/dicts/translator-months-dictionar
y/translator-months-dictionary-English.dict
Dictionary: translator-months-dictionary, Language: English 
)
(/usr/share/texmf/tex/latex/beamer/translator/dicts/translator-numbers-dictiona
ry/translator-numbers-dictionary-English.dict
Dictionary: translator-numbers-dictionary, Language: English 
)
(/usr/share/texmf/tex/latex/beamer/translator/dicts/translator-theorem-dictiona
ry/translator-theorem-dictionary-English.dict
Dictionary: translator-theorem-dictionary, Language: English 
)
LaTeX Info: Redefining \includegraphics on input line 49.
Package caption Info: Begin \AtBeginDocument code.
Package caption Info: subfig package v1.3 is loaded.
Package caption Info: End \AtBeginDocument code.
Package biblatex Info: Input encoding 'latin1' detected.
Package biblatex Info: Automatic encoding selection.
(biblatex)             Assuming data encoding 'latin1'.


Package biblatex Warning: Data encoding is 'latin1'.
(biblatex)                Use backend=bibtex8 or backend=biber.

\openout5 = `AdityaKashi-MSdefense-blx.bib'.

Package biblatex Info: Trying to load bibliographic data...
Package biblatex Info: ... file 'AdityaKashi-MSdefense.bbl' found.
(./AdityaKashi-MSdefense.bbl)
Package biblatex Info: Reference section=0 on input line 49.
Package biblatex Info: Reference segment=0 on input line 49.
 (./AdityaKashi-MSdefense.nav)
LaTeX Font Info:    Try loading font information for OMS+phv on input line 49.

(/usr/share/texmf/tex/latex/psnfss/omsphv.fd
File: omsphv.fd 
)
LaTeX Font Info:    Font shape `OMS/phv/m/n' in size <4> not available
(Font)              Font shape `OMS/cmsy/m/n' tried instead on input line 49.


LaTeX Font Warning: Font shape `OMS/cmsy/m/n' in size <4> not available
(Font)              size <5> substituted on input line 49.

[1

{/usr/share/texmf/fonts/map/pdftex/updmap/pdftex.map} <./ncsu-red.png>]
(./AdityaKashi-MSdefense.toc) [2

 <./ncsu-red.png>] [3

 <./ncsu-red.png>]
LaTeX Font Info:    Try loading font information for U+msa on input line 77.

(/usr/share/texmf/tex/latex/amsfonts/umsa.fd
File: umsa.fd 2013/01/14 v3.01 AMS symbols A
)
LaTeX Font Info:    Try loading font information for U+msb on input line 77.

(/usr/share/texmf/tex/latex/amsfonts/umsb.fd
File: umsb.fd 2013/01/14 v3.01 AMS symbols B
)
LaTeX Font Info:    Font shape `T1/phv/m/it' in size <12> not available
(Font)              Font shape `T1/phv/m/sl' tried instead on input line 77.
LaTeX Font Info:    Font shape `T1/phv/m/it' in size <8> not available
(Font)              Font shape `T1/phv/m/sl' tried instead on input line 77.
LaTeX Font Info:    Font shape `T1/phv/m/it' in size <6> not available
(Font)              Font shape `T1/phv/m/sl' tried instead on input line 77.
LaTeX Font Info:    Font shape `T1/phv/m/it' in size <10> not available
(Font)              Font shape `T1/phv/m/sl' tried instead on input line 77.
LaTeX Font Info:    Font shape `T1/phv/m/it' in size <7> not available
(Font)              Font shape `T1/phv/m/sl' tried instead on input line 77.
LaTeX Font Info:    Font shape `T1/phv/m/it' in size <5> not available
(Font)              Font shape `T1/phv/m/sl' tried instead on input line 77.
 [4

 <./ncsu-red.png>]
<../images/ppt-illus-shapeoptimization.png, id=222, 490.83376pt x 475.02469pt>
File: ../images/ppt-illus-shapeoptimization.png Graphic file (type png)

<use ../images/ppt-illus-shapeoptimization.png>
Package pdftex.def Info: ../images/ppt-illus-shapeoptimization.png used on inpu
t line 85.
(pdftex.def)             Requested size: 98.16501pt x 95.00325pt.
 [5

 <../images/ppt-illus-shapeoptimization.png> <./ncsu-red.png>]
<../images/tri_ideal.pdf, id=251, 536.4156pt x 464.6616pt>
File: ../images/tri_ideal.pdf Graphic file (type pdf)

<use ../images/tri_ideal.pdf>
Package pdftex.def Info: ../images/tri_ideal.pdf used on input line 105.
(pdftex.def)             Requested size: 37.55292pt x 32.52963pt.

<../images/tri_curved.pdf, id=252, 219.57813pt x 161.4595pt>
File: ../images/tri_curved.pdf Graphic file (type pdf)

<use ../images/tri_curved.pdf>
Package pdftex.def Info: ../images/tri_curved.pdf used on input line 105.
(pdftex.def)             Requested size: 43.91484pt x 32.29132pt.

Overfull \vbox (0.44693pt too high) detected at line 105
 []

[6

 <../images/tri_ideal.pdf> <../images/tri_curved.pdf

pdfTeX warning: /usr/bin/pdflatex (file ../images/tri_curved.pdf): PDF inclusio
n: multiple pdfs with page group included in a single page
> <./ncsu-red.png>]
<../images/bassi-linear.png, id=287, 767.11594pt x 768.62157pt>
File: ../images/bassi-linear.png Graphic file (type png)

<use ../images/bassi-linear.png>
Package pdftex.def Info: ../images/bassi-linear.png used on input line 119.
(pdftex.def)             Requested size: 92.04993pt x 92.2306pt.

<../images/bassi-q2.png, id=288, 764.10469pt x 762.59906pt>
File: ../images/bassi-q2.png Graphic file (type png)

<use ../images/bassi-q2.png>
Package pdftex.def Info: ../images/bassi-q2.png used on input line 119.
(pdftex.def)             Requested size: 91.6886pt x 91.50793pt.
LaTeX Font Info:    Font shape `T1/phv/m/it' in size <10.95> not available
(Font)              Font shape `T1/phv/m/sl' tried instead on input line 119.
 [7

 <../images/bassi-linear.png> <../images/bassi-q2.png> <./ncsu-red.png>] [8

 <./ncsu-red.png>] (./AdityaKashi-MSdefense.toc)
[9

 <./ncsu-red.png>] [10

 <./ncsu-red.png>]
<../images/geommapping.pdf, id=417, 531.73656pt x 161.20537pt>
File: ../images/geommapping.pdf Graphic file (type pdf)

<use ../images/geommapping.pdf>
Package pdftex.def Info: ../images/geommapping.pdf used on input line 144.
(pdftex.def)             Requested size: 159.52219pt x 48.36197pt.
LaTeX Font Info:    Font shape `T1/phv/bx/n' in size <12> not available
(Font)              Font shape `T1/phv/b/n' tried instead on input line 144.
LaTeX Font Info:    Font shape `T1/phv/bx/n' in size <8> not available
(Font)              Font shape `T1/phv/b/n' tried instead on input line 144.
LaTeX Font Info:    Font shape `T1/phv/bx/n' in size <6> not available
(Font)              Font shape `T1/phv/b/n' tried instead on input line 144.
LaTeX Font Info:    Font shape `T1/phv/bx/it' in size <12> not available
(Font)              Font shape `T1/phv/b/it' tried instead on input line 144.
LaTeX Font Info:    Font shape `T1/phv/b/it' in size <12> not available
(Font)              Font shape `T1/phv/b/sl' tried instead on input line 144.
LaTeX Font Info:    Font shape `T1/phv/bx/it' in size <8> not available
(Font)              Font shape `T1/phv/b/it' tried instead on input line 144.
LaTeX Font Info:    Font shape `T1/phv/b/it' in size <8> not available
(Font)              Font shape `T1/phv/b/sl' tried instead on input line 144.
LaTeX Font Info:    Font shape `T1/phv/bx/it' in size <6> not available
(Font)              Font shape `T1/phv/b/it' tried instead on input line 144.
LaTeX Font Info:    Font shape `T1/phv/b/it' in size <6> not available
(Font)              Font shape `T1/phv/b/sl' tried instead on input line 144.
 [11

 <../images/geommapping.pdf> <./ncsu-red.png>] [12

 <./ncsu-red.png>] [13

 <./ncsu-red.png>] [14

 <./ncsu-red.png>]
LaTeX Font Info:    Font shape `T1/phv/bx/n' in size <10> not available
(Font)              Font shape `T1/phv/b/n' tried instead on input line 186.
LaTeX Font Info:    Font shape `T1/phv/bx/n' in size <7> not available
(Font)              Font shape `T1/phv/b/n' tried instead on input line 186.
LaTeX Font Info:    Font shape `T1/phv/bx/n' in size <5> not available
(Font)              Font shape `T1/phv/b/n' tried instead on input line 186.
 [15

 <./ncsu-red.png>] <../images/torsionspring.png, id=580, 740.7675pt x 375.4025p
t>
File: ../images/torsionspring.png Graphic file (type png)

<use ../images/torsionspring.png>
Package pdftex.def Info: ../images/torsionspring.png used on input line 197.
(pdftex.def)             Requested size: 185.19142pt x 93.85039pt.
 [16

 <../images/torsionspring.png> <./ncsu-red.png>]
LaTeX Font Info:    Try loading font information for T1+ptm on input line 218.
 (/usr/share/texmf/tex/latex/psnfss/t1ptm.fd
File: t1ptm.fd 2001/06/04 font definitions for T1/ptm.
) [17

 <./ncsu-red.png>]
[18

 <./ncsu-red.png>] [19

 <./ncsu-red.png>]
<../images/dgm-mesh.png, id=706, 275.52937pt x 204.01219pt>
File: ../images/dgm-mesh.png Graphic file (type png)

<use ../images/dgm-mesh.png>
Package pdftex.def Info: ../images/dgm-mesh.png used on input line 255.
(pdftex.def)             Requested size: 68.88217pt x 51.00291pt.

<../images/dgm-dg.png, id=707, 341.77687pt x 336.50719pt>
File: ../images/dgm-dg.png Graphic file (type png)

<use ../images/dgm-dg.png>
Package pdftex.def Info: ../images/dgm-dg.png used on input line 255.
(pdftex.def)             Requested size: 68.35416pt x 67.30023pt.

<../images/dgm-moveddg.png, id=708, 255.95625pt x 249.18094pt>
File: ../images/dgm-moveddg.png Graphic file (type png)

<use ../images/dgm-moveddg.png>
Package pdftex.def Info: ../images/dgm-moveddg.png used on input line 255.
(pdftex.def)             Requested size: 63.98889pt x 62.29507pt.

<../images/dgm-movedmesh.png, id=709, 270.25969pt x 194.22563pt>
File: ../images/dgm-movedmesh.png Graphic file (type png)

<use ../images/dgm-movedmesh.png>
Package pdftex.def Info: ../images/dgm-movedmesh.png used on input line 255.
(pdftex.def)             Requested size: 67.56474pt x 48.55627pt.
LaTeX Font Info:    Font shape `T1/phv/bx/n' in size <10.95> not available
(Font)              Font shape `T1/phv/b/n' tried instead on input line 255.
 [20

 <../images/dgm-mesh.png> <../images/dgm-dg.png> <../images/dgm-moveddg.png> <.
./images/dgm-movedmesh.png> <./ncsu-red.png>] [21

 <./ncsu-red.png>] [22

 <./ncsu-red.png>] [23

 <./ncsu-red.png>] [24

 <./ncsu-red.png>] [25

 <./ncsu-red.png>] [26

 <./ncsu-red.png>]
<../images/3comp-inviscid.pdf, id=920, 1485.55pt x 948.54375pt>
File: ../images/3comp-inviscid.pdf Graphic file (type pdf)

<use ../images/3comp-inviscid.pdf>
Package pdftex.def Info: ../images/3comp-inviscid.pdf used on input line 340.
(pdftex.def)             Requested size: 237.69286pt x 151.7701pt.

Overfull \vbox (30.47101pt too high) detected at line 340
 []

[27

 <../images/3comp-inviscid.pdf> <./ncsu-red.png>]
<../images/wing60-farhat.pdf, id=958, 1485.55pt x 948.54375pt>
File: ../images/wing60-farhat.pdf Graphic file (type pdf)

<use ../images/wing60-farhat.pdf>
Package pdftex.def Info: ../images/wing60-farhat.pdf used on input line 350.
(pdftex.def)             Requested size: 252.54016pt x 161.2503pt.

Overfull \vbox (51.01917pt too high) detected at line 350
 []

[28

 <../images/wing60-farhat.pdf> <./ncsu-red.png>]
<../images/wing60-linelastp1.pdf, id=995, 1485.55pt x 948.54375pt>
File: ../images/wing60-linelastp1.pdf Graphic file (type pdf)

<use ../images/wing60-linelastp1.pdf>
Package pdftex.def Info: ../images/wing60-linelastp1.pdf used on input line 359
.
(pdftex.def)             Requested size: 252.54016pt x 161.2503pt.

Overfull \vbox (7.38126pt too high) detected at line 359
 []

[29

 <../images/wing60-linelastp1.pdf> <./ncsu-red.png>]
<../images/wing60-linelastp1_zoomed.pdf, id=1031, 1485.55pt x 948.54375pt>
File: ../images/wing60-linelastp1_zoomed.pdf Graphic file (type pdf)

<use ../images/wing60-linelastp1_zoomed.pdf>
Package pdftex.def Info: ../images/wing60-linelastp1_zoomed.pdf used on input l
ine 367.
(pdftex.def)             Requested size: 252.54016pt x 161.2503pt.

Overfull \vbox (7.38126pt too high) detected at line 367
 []

[30

 <../images/wing60-linelastp1_zoomed.pdf> <./ncsu-red.png>]
<../images/wing60-linelastp1_zoomed2.pdf, id=1068, 1485.55pt x 948.54375pt>
File: ../images/wing60-linelastp1_zoomed2.pdf Graphic file (type pdf)

<use ../images/wing60-linelastp1_zoomed2.pdf>
Package pdftex.def Info: ../images/wing60-linelastp1_zoomed2.pdf used on input 
line 375.
(pdftex.def)             Requested size: 252.54016pt x 161.2503pt.

Overfull \vbox (7.38126pt too high) detected at line 375
 []

[31

 <../images/wing60-linelastp1_zoomed2.pdf> <./ncsu-red.png>]
<../images/wing60-dg-ms.pdf, id=1105, 1485.55pt x 948.54375pt>
File: ../images/wing60-dg-ms.pdf Graphic file (type pdf)

<use ../images/wing60-dg-ms.pdf>
Package pdftex.def Info: ../images/wing60-dg-ms.pdf used on input line 383.
(pdftex.def)             Requested size: 252.54016pt x 161.2503pt.

Overfull \vbox (7.38126pt too high) detected at line 383
 []

[32

 <../images/wing60-dg-ms.pdf> <./ncsu-red.png>]
<../images/wing60-dg-ms_zoomed.pdf, id=1141, 1485.55pt x 948.54375pt>
File: ../images/wing60-dg-ms_zoomed.pdf Graphic file (type pdf)

<use ../images/wing60-dg-ms_zoomed.pdf>
Package pdftex.def Info: ../images/wing60-dg-ms_zoomed.pdf used on input line 3
91.
(pdftex.def)             Requested size: 252.54016pt x 161.2503pt.

Overfull \vbox (7.38126pt too high) detected at line 391
 []

[33

 <../images/wing60-dg-ms_zoomed.pdf> <./ncsu-red.png>]
<../images/wing60-rbf-sr15-s3.pdf, id=1178, 1485.55pt x 948.54375pt>
File: ../images/wing60-rbf-sr15-s3.pdf Graphic file (type pdf)

<use ../images/wing60-rbf-sr15-s3.pdf>
Package pdftex.def Info: ../images/wing60-rbf-sr15-s3.pdf used on input line 40
0.
(pdftex.def)             Requested size: 252.54016pt x 161.2503pt.

Overfull \vbox (7.38126pt too high) detected at line 400
 []

[34

 <../images/wing60-rbf-sr15-s3.pdf> <./ncsu-red.png>]
<../images/wing60-rbf-sr15-s3_zoomed.pdf, id=1214, 1485.55pt x 948.54375pt>
File: ../images/wing60-rbf-sr15-s3_zoomed.pdf Graphic file (type pdf)

<use ../images/wing60-rbf-sr15-s3_zoomed.pdf>
Package pdftex.def Info: ../images/wing60-rbf-sr15-s3_zoomed.pdf used on input 
line 408.
(pdftex.def)             Requested size: 252.54016pt x 161.2503pt.

Overfull \vbox (7.38126pt too high) detected at line 408
 []

[35

 <../images/wing60-rbf-sr15-s3_zoomed.pdf> <./ncsu-red.png>]
<../images/wing60-rbf-sr15-s3_zoomed2.pdf, id=1249, 1485.55pt x 948.54375pt>
File: ../images/wing60-rbf-sr15-s3_zoomed2.pdf Graphic file (type pdf)

<use ../images/wing60-rbf-sr15-s3_zoomed2.pdf>
Package pdftex.def Info: ../images/wing60-rbf-sr15-s3_zoomed2.pdf used on input
 line 416.
(pdftex.def)             Requested size: 252.54016pt x 161.2503pt.

Overfull \vbox (7.38126pt too high) detected at line 416
 []

[36

 <../images/wing60-rbf-sr15-s3_zoomed2.pdf> <./ncsu-red.png>] [37

 <./ncsu-red.png>]
File: ../images/tri_ideal.pdf Graphic file (type pdf)
 <use ../images/tri_ideal.pdf>
Package pdftex.def Info: ../images/tri_ideal.pdf used on input line 450.
(pdftex.def)             Requested size: 64.36708pt x 55.75697pt.

<../images/tri_bad.pdf, id=1316, 83.9135pt x 441.1983pt>
File: ../images/tri_bad.pdf Graphic file (type pdf)

<use ../images/tri_bad.pdf>
Package pdftex.def Info: ../images/tri_bad.pdf used on input line 450.
(pdftex.def)             Requested size: 12.58647pt x 66.17688pt.

<../images/quad_quality.pdf, id=1317, 409.37944pt x 205.41743pt>
File: ../images/quad_quality.pdf Graphic file (type pdf)

<use ../images/quad_quality.pdf>
Package pdftex.def Info: ../images/quad_quality.pdf used on input line 450.
(pdftex.def)             Requested size: 102.3446pt x 51.35422pt.
 [38

 <../images/tri_bad.pdf> <../images/quad_quality.pdf

pdfTeX warning: /usr/bin/pdflatex (file ../images/quad_quality.pdf): PDF inclus
ion: multiple pdfs with page group included in a single page
> <./ncsu-red.png>]
File: ../images/tri_ideal.pdf Graphic file (type pdf)
 <use ../images/tri_ideal.pdf>
Package pdftex.def Info: ../images/tri_ideal.pdf used on input line 470.
(pdftex.def)             Requested size: 64.36708pt x 55.75697pt.
File: ../images/tri_bad.pdf Graphic file (type pdf)
 <use ../images/tri_bad.pdf>
Package pdftex.def Info: ../images/tri_bad.pdf used on input line 470.
(pdftex.def)             Requested size: 12.58647pt x 66.17688pt.
File: ../images/quad_quality.pdf Graphic file (type pdf)

<use ../images/quad_quality.pdf>
Package pdftex.def Info: ../images/quad_quality.pdf used on input line 470.
(pdftex.def)             Requested size: 110.53392pt x 55.46344pt.
 [39

 <./ncsu-red.png>] [40

 <./ncsu-red.png>]
<../images/qin-orig-mesh.pdf, id=1408, 1337.99875pt x 780.9175pt>
File: ../images/qin-orig-mesh.pdf Graphic file (type pdf)

<use ../images/qin-orig-mesh.pdf>
Package pdftex.def Info: ../images/qin-orig-mesh.pdf used on input line 497.
(pdftex.def)             Requested size: 200.69115pt x 117.13257pt.
 [41

 <../images/qin-orig-mesh.pdf> <./ncsu-red.png>] <../images/qin-60-dgm-quality.
pdf, id=1444, 1337.99875pt x 780.9175pt>
File: ../images/qin-60-dgm-quality.pdf Graphic file (type pdf)

<use ../images/qin-60-dgm-quality.pdf>
Package pdftex.def Info: ../images/qin-60-dgm-quality.pdf used on input line 50
5.
(pdftex.def)             Requested size: 267.59502pt x 156.18073pt.
 [42

 <../images/qin-60-dgm-quality.pdf> <./ncsu-red.png>]
<../images/qin-60-rbf-quality.pdf, id=1480, 1337.99875pt x 780.9175pt>
File: ../images/qin-60-rbf-quality.pdf Graphic file (type pdf)

<use ../images/qin-60-rbf-quality.pdf>
Package pdftex.def Info: ../images/qin-60-rbf-quality.pdf used on input line 51
3.
(pdftex.def)             Requested size: 267.59502pt x 156.18073pt.
 [43

 <../images/qin-60-rbf-quality.pdf> <./ncsu-red.png>]
<../images/qin-60-dgrbf2-quality.pdf, id=1518, 1337.99875pt x 780.9175pt>
File: ../images/qin-60-dgrbf2-quality.pdf Graphic file (type pdf)

<use ../images/qin-60-dgrbf2-quality.pdf>
Package pdftex.def Info: ../images/qin-60-dgrbf2-quality.pdf used on input line
 521.
(pdftex.def)             Requested size: 267.59502pt x 156.18073pt.
 [44

 <../images/qin-60-dgrbf2-quality.pdf> <./ncsu-red.png>] [45

 <./ncsu-red.png>]
<../images/qin-120-quality-withmesh.pdf, id=1582, 1337.99875pt x 780.9175pt>
File: ../images/qin-120-quality-withmesh.pdf Graphic file (type pdf)

<use ../images/qin-120-quality-withmesh.pdf>
Package pdftex.def Info: ../images/qin-120-quality-withmesh.pdf used on input l
ine 547.
(pdftex.def)             Requested size: 267.59502pt x 156.18073pt.

Overfull \vbox (4.28456pt too high) detected at line 547
 []

[46

 <../images/qin-120-quality-withmesh.pdf> <./ncsu-red.png>]
(./AdityaKashi-MSdefense.toc) [47

 <./ncsu-red.png>]
<../images/coarse-curved-mesh-zoomed1.png, id=1660, 1337.99875pt x 780.9175pt>
File: ../images/coarse-curved-mesh-zoomed1.png Graphic file (type png)

<use ../images/coarse-curved-mesh-zoomed1.png>
Package pdftex.def Info: ../images/coarse-curved-mesh-zoomed1.png used on input
 line 562.
(pdftex.def)             Requested size: 133.80771pt x 78.09631pt.
 [48

 <../images/coarse-curved-mesh-zoomed1.png (PNG copy)> <./ncsu-red.png>] [49

 <./ncsu-red.png>] [50

 <./ncsu-red.png>] [51

 <./ncsu-red.png>] [52

 <./ncsu-red.png>]
<../images/3compblack.png, id=1809, 1188.44pt x 776.08125pt>
File: ../images/3compblack.png Graphic file (type png)

<use ../images/3compblack.png>
Package pdftex.def Info: ../images/3compblack.png used on input line 606.
(pdftex.def)             Requested size: 150.0pt x 97.94543pt.
 [53

 <../images/3compblack.png> <./ncsu-red.png>] <../images/3comp-elast-vzoomedblk
.pdf, id=1842, 1485.55pt x 948.54375pt>
File: ../images/3comp-elast-vzoomedblk.pdf Graphic file (type pdf)

<use ../images/3comp-elast-vzoomedblk.pdf>
Package pdftex.def Info: ../images/3comp-elast-vzoomedblk.pdf used on input lin
e 621.
(pdftex.def)             Requested size: 150.0pt x 95.77176pt.

<../images/3comp-rbf-vzoomedblk.pdf, id=1843, 1485.55pt x 948.54375pt>
File: ../images/3comp-rbf-vzoomedblk.pdf Graphic file (type pdf)

<use ../images/3comp-rbf-vzoomedblk.pdf>
Package pdftex.def Info: ../images/3comp-rbf-vzoomedblk.pdf used on input line 
621.
(pdftex.def)             Requested size: 150.0pt x 95.77176pt.
 [54

 <../images/3comp-elast-vzoomedblk.pdf> <../images/3comp-rbf-vzoomedblk.pdf> <.
/ncsu-red.png>]
<../images/3comp-rbf-zoomed-jacobians2.png, id=1884, 842.14626pt x 504.88625pt>
File: ../images/3comp-rbf-zoomed-jacobians2.png Graphic file (type png)
<use ../images/3comp-rbf-zoomed-jacobians2.png>
Package pdftex.def Info: ../images/3comp-rbf-zoomed-jacobians2.png used on inpu
t line 630.
(pdftex.def)             Requested size: 252.64583pt x 151.46703pt.
 [55

 <../images/3comp-rbf-zoomed-jacobians2.png (PNG copy)> <./ncsu-red.png>]
<../images/3comp_curved_elaststiff_vzoomed_jac.pdf, id=1916, 1485.55pt x 948.54
375pt>
File: ../images/3comp_curved_elaststiff_vzoomed_jac.pdf Graphic file (type pdf)

 <use ../images/3comp_curved_elaststiff_vzoomed_jac.pdf>
Package pdftex.def Info: ../images/3comp_curved_elaststiff_vzoomed_jac.pdf used
 on input line 638.
(pdftex.def)             Requested size: 297.10474pt x 189.70538pt.

Overfull \vbox (5.23926pt too high) detected at line 638
 []

[56

 <../images/3comp_curved_elaststiff_vzoomed_jac.pdf> <./ncsu-red.png>]
<../images/3comp-stiffelast-zoomed.pdf, id=1958, 1485.55pt x 948.54375pt>
File: ../images/3comp-stiffelast-zoomed.pdf Graphic file (type pdf)

<use ../images/3comp-stiffelast-zoomed.pdf>
Package pdftex.def Info: ../images/3comp-stiffelast-zoomed.pdf used on input li
ne 646.
(pdftex.def)             Requested size: 297.10474pt x 189.70538pt.

Overfull \vbox (18.83926pt too high) detected at line 646
 []

[57

 <../images/3comp-stiffelast-zoomed.pdf> <./ncsu-red.png>] [58

 <./ncsu-red.png>] <../images/bump3d-vcoarse2.pdf, id=2030, 1445.68231pt x 141.
27782pt>
File: ../images/bump3d-vcoarse2.pdf Graphic file (type pdf)

<use ../images/bump3d-vcoarse2.pdf>
Package pdftex.def Info: ../images/bump3d-vcoarse2.pdf used on input line 683.
(pdftex.def)             Requested size: 289.13133pt x 28.25505pt.
 [59

 <../images/bump3d-vcoarse2.pdf> <./ncsu-red.png>]
<../images/bump3d-vcoarse-quality.pdf, id=2065, 1485.55pt x 948.54375pt>
File: ../images/bump3d-vcoarse-quality.pdf Graphic file (type pdf)

<use ../images/bump3d-vcoarse-quality.pdf>
Package pdftex.def Info: ../images/bump3d-vcoarse-quality.pdf used on input lin
e 692.
(pdftex.def)             Requested size: 297.10474pt x 189.70538pt.

Overfull \vbox (5.23926pt too high) detected at line 692
 []

[60

 <../images/bump3d-vcoarse-quality.pdf> <./ncsu-red.png>] [61

 <./ncsu-red.png>] [62

 <./ncsu-red.png>]
<../images/solver-convergence.pdf, id=2227, 870.85347pt x 619.71527pt>
File: ../images/solver-convergence.pdf Graphic file (type pdf)

<use ../images/solver-convergence.pdf>
Package pdftex.def Info: ../images/solver-convergence.pdf used on input line 73
1.
(pdftex.def)             Requested size: 235.13358pt x 167.32535pt.

Overfull \vbox (13.4563pt too high) detected at line 731
 []

[63

 <../images/solver-convergence.pdf> <./ncsu-red.png>]
<../images/cd_grid_conv.pdf, id=2296, 749.80125pt x 562.80264pt>
File: ../images/cd_grid_conv.pdf Graphic file (type pdf)

<use ../images/cd_grid_conv.pdf>
Package pdftex.def Info: ../images/cd_grid_conv.pdf used on input line 740.
(pdftex.def)             Requested size: 202.44904pt x 151.95874pt.
LaTeX Font Info:    Font shape `T1/phv/bx/n' in size <17.28> not available
(Font)              Font shape `T1/phv/b/n' tried instead on input line 740.
LaTeX Font Info:    Font shape `T1/phv/m/it' in size <17.28> not available
(Font)              Font shape `T1/phv/m/sl' tried instead on input line 740.

Overfull \vbox (11.6897pt too high) detected at line 740
 []

[64

 <../images/cd_grid_conv.pdf> <./ncsu-red.png>] (./AdityaKashi-MSdefense.toc) [
65

 <./ncsu-red.png>] [66

 <./ncsu-red.png>] [67


 <./ncsu-red.png>] [68

 <./ncsu-red.png>] [69

 <./ncsu-red.png>] [70

 <./ncsu-red.png>]
(./AdityaKashi-MSdefense.toc) [71

 <./ncsu-red.png>] [72

 </usr/share/texmf/tex/latex/beamer/art/beamericonarticle.pdf> <./ncsu-red.png>
] [73 <./ncsu-red.png>]
[74 <./ncsu-red.png>] [75 <./ncsu-red.png>]
LaTeX Font Info:    Try loading font information for T1+pcr on input line 773.

(/usr/share/texmf/tex/latex/psnfss/t1pcr.fd
File: t1pcr.fd 2001/06/04 font definitions for T1/pcr.
) [76 <./ncsu-red.png>]
Underfull \vbox (badness 10000) has occurred while \output is active []

 [77 <./ncsu-red.png>] [78 <./ncsu-red.png>]
\tf@nav=\write7
\openout7 = `AdityaKashi-MSdefense.nav'.

\tf@toc=\write8
\openout8 = `AdityaKashi-MSdefense.toc'.

\tf@snm=\write9
\openout9 = `AdityaKashi-MSdefense.snm'.

Package atveryend Info: Empty hook `BeforeClearDocument' on input line 792.
Package atveryend Info: Empty hook `AfterLastShipout' on input line 792.
 (./AdityaKashi-MSdefense.aux)
Package atveryend Info: Executing hook `AtVeryEndDocument' on input line 792.
Package atveryend Info: Executing hook `AtEndAfterFileList' on input line 792.
Package rerunfilecheck Info: File `AdityaKashi-MSdefense.out' has not changed.
(rerunfilecheck)             Checksum: 7314712CBBA2F164C69D15EE359C5E65;821.


LaTeX Font Warning: Size substitutions with differences
(Font)              up to 1.0pt have occurred.

Package logreq Info: Writing requests to 'AdityaKashi-MSdefense.run.xml'.
\openout1 = `AdityaKashi-MSdefense.run.xml'.

Package atveryend Info: Empty hook `AtVeryVeryEnd' on input line 792.
 ) 
Here is how much of TeX's memory you used:
 23392 strings out of 493315
 422178 string characters out of 6145893
 595661 words of memory out of 5000000
 26041 multiletter control sequences out of 15000+600000
 100702 words of font info for 122 fonts, out of 8000000 for 9000
 957 hyphenation exceptions out of 8191
 57i,20n,85p,963b,2085s stack positions out of 5000i,500n,10000p,200000b,80000s
{/usr/share/texmf/fonts/enc/dvips/base/8r.enc}</usr/share/texmf/fonts/type1/p
ublic/amsfonts/cm/cmex10.pfb></usr/share/texmf/fonts/type1/public/amsfonts/cm/c
mmi12.pfb></usr/share/texmf/fonts/type1/public/amsfonts/cm/cmmi8.pfb></usr/shar
e/texmf/fonts/type1/public/amsfonts/cm/cmmib10.pfb></usr/share/texmf/fonts/type
1/public/amsfonts/cm/cmss10.pfb></usr/share/texmf/fonts/type1/public/amsfonts/c
m/cmss12.pfb></usr/share/texmf/fonts/type1/public/amsfonts/cm/cmss8.pfb></usr/s
hare/texmf/fonts/type1/public/amsfonts/cm/cmsy10.pfb></usr/share/texmf/fonts/ty
pe1/public/amsfonts/cm/cmsy5.pfb></usr/share/texmf/fonts/type1/public/amsfonts/
cm/cmsy8.pfb></usr/share/texmf/fonts/type1/urw/courier/ucrr8a.pfb></usr/share/t
exmf/fonts/type1/urw/helvetic/uhvb8a.pfb></usr/share/texmf/fonts/type1/urw/helv
etic/uhvbo8a.pfb></usr/share/texmf/fonts/type1/urw/helvetic/uhvr8a.pfb></usr/sh
are/texmf/fonts/type1/urw/helvetic/uhvro8a.pfb></usr/share/texmf/fonts/type1/ur
w/times/utmr8a.pfb>
Output written on AdityaKashi-MSdefense.pdf (78 pages, 5588034 bytes).
PDF statistics:
 2931 PDF objects out of 2984 (max. 8388607)
 2516 compressed objects within 26 object streams
 230 named destinations out of 1000 (max. 500000)
 777 words of extra memory for PDF output out of 10000 (max. 10000000)

